This is LuaTeX, Version beta-0.80.0 (MiKTeX 2.9) (rev 5238)  (format=lualatex 2016.3.8)  19 SEP 2016 11:16
 restricted \write18 enabled.
**scuole.tex
(./scuole.tex
LaTeX2e <2016/02/01>
Babel <3.9n> and hyphenation patterns for 69 languages loaded.

("C:/Users/809475AG/AppData/Local/Programs/MiKTeX 2.9/tex/latex/beamer/base/bea
mer.cls"
("C:/Users/809475AG/AppData/Local/Programs/MiKTeX 2.9/tex/latex/beamer/base/bea
merbasercs.sty"
Package: beamerbasercs 2015/03/08 (rcs-revision 368aa9ba9d38)
)
Document Class: beamer 2015/01/05 3.36 A class for typesetting presentations (rc
s-revision 8a39122e1f63)

("C:/Users/809475AG/AppData/Local/Programs/MiKTeX 2.9/tex/latex/beamer/base/bea
merbasemodes.sty"
Package: beamerbasemodes 2013/09/03 (rcs-revision 768f2d98ca64)
\beamer@tempbox=\box26
\beamer@tempcount=\count79
\c@beamerpauses=\count80

("C:/Users/809475AG/AppData/Local/Programs/MiKTeX 2.9/tex/latex/beamer/base/bea
merbasedecode.sty"
Package: beamerbasedecode 2010/05/01 (rcs-revision efa082c6111d)
\beamer@slideinframe=\count81
\beamer@minimum=\count82
)
\beamer@commentbox=\box27
\beamer@modecount=\count83
)
("C:/Users/809475AG/AppData/Local/Programs/MiKTeX 2.9/tex/generic/oberdiek/ifpd
f.sty"
Package: ifpdf 2011/01/30 v2.3 Provides the ifpdf switch (HO)
Package ifpdf Info: pdfTeX in PDF mode is detected.
)
\headheight=\dimen102
\headdp=\dimen103
\footheight=\dimen104
\sidebarheight=\dimen105
\beamer@tempdim=\dimen106
\beamer@finalheight=\dimen107
\beamer@animht=\dimen108
\beamer@animdp=\dimen109
\beamer@animwd=\dimen110
\beamer@leftmargin=\dimen111
\beamer@rightmargin=\dimen112
\beamer@leftsidebar=\dimen113
\beamer@rightsidebar=\dimen114
\beamer@boxsize=\dimen115
\beamer@vboxoffset=\dimen116
\beamer@descdefault=\dimen117
\beamer@descriptionwidth=\dimen118
\beamer@lastskip=\skip41
\beamer@areabox=\box28
\beamer@animcurrent=\box29
\beamer@animshowbox=\box30
\beamer@sectionbox=\box31
\beamer@logobox=\box32
\beamer@linebox=\box33
\beamer@sectioncount=\count84
\beamer@subsubsectionmax=\count85
\beamer@subsectionmax=\count86
\beamer@sectionmax=\count87
\beamer@totalheads=\count88
\beamer@headcounter=\count89
\beamer@partstartpage=\count90
\beamer@sectionstartpage=\count91
\beamer@subsectionstartpage=\count92
\beamer@animationtempa=\count93
\beamer@animationtempb=\count94
\beamer@xpos=\count95
\beamer@ypos=\count96
\beamer@showpartnumber=\count97
\beamer@currentsubsection=\count98
\beamer@coveringdepth=\count99
\beamer@sectionadjust=\count100
\beamer@tocsectionnumber=\count101

("C:/Users/809475AG/AppData/Local/Programs/MiKTeX 2.9/tex/latex/beamer/base/bea
merbaseoptions.sty"
Package: beamerbaseoptions 2013/03/10 (rcs-revision 47431932db0d)

("C:/Users/809475AG/AppData/Local/Programs/MiKTeX 2.9/tex/latex/graphics/keyval
.sty"
Package: keyval 2014/10/28 v1.15 key=value parser (DPC)
\KV@toks@=\toks14
))
\beamer@paperwidth=\skip42
\beamer@paperheight=\skip43

("C:/Users/809475AG/AppData/Local/Programs/MiKTeX 2.9/tex/latex/geometry/geomet
ry.sty"
Package: geometry 2010/09/12 v5.6 Page Geometry

("C:/Users/809475AG/AppData/Local/Programs/MiKTeX 2.9/tex/generic/oberdiek/ifvt
ex.sty"
Package: ifvtex 2010/03/01 v1.5 Detect VTeX and its facilities (HO)
Package ifvtex Info: VTeX not detected.
)
("C:/Users/809475AG/AppData/Local/Programs/MiKTeX 2.9/tex/generic/ifxetex/ifxet
ex.sty"
Package: ifxetex 2010/09/12 v0.6 Provides ifxetex conditional
)
\Gm@cnth=\count102
\Gm@cntv=\count103
\c@Gm@tempcnt=\count104
\Gm@bindingoffset=\dimen119
\Gm@wd@mp=\dimen120
\Gm@odd@mp=\dimen121
\Gm@even@mp=\dimen122
\Gm@layoutwidth=\dimen123
\Gm@layoutheight=\dimen124
\Gm@layouthoffset=\dimen125
\Gm@layoutvoffset=\dimen126
\Gm@dimlist=\toks15

("C:/Users/809475AG/AppData/Local/Programs/MiKTeX 2.9/tex/latex/geometry/geomet
ry.cfg"))
("C:/Users/809475AG/AppData/Local/Programs/MiKTeX 2.9/tex/latex/base/size11.clo
"
File: size11.clo 2014/09/29 v1.4h Standard LaTeX file (size option)
)
("C:/Users/809475AG/AppData/Local/Programs/MiKTeX 2.9/tex/latex/pgf/basiclayer/
pgfcore.sty"
("C:/Users/809475AG/AppData/Local/Programs/MiKTeX 2.9/tex/latex/graphics/graphi
cx.sty"
Package: graphicx 2014/10/28 v1.0g Enhanced LaTeX Graphics (DPC,SPQR)

("C:/Users/809475AG/AppData/Local/Programs/MiKTeX 2.9/tex/latex/graphics/graphi
cs.sty"
Package: graphics 2016/01/03 v1.0q Standard LaTeX Graphics (DPC,SPQR)

("C:/Users/809475AG/AppData/Local/Programs/MiKTeX 2.9/tex/latex/graphics/trig.s
ty"
Package: trig 2016/01/03 v1.10 sin cos tan (DPC)
)
("C:/Users/809475AG/AppData/Local/Programs/MiKTeX 2.9/tex/latex/00miktex/graphi
cs.cfg"
File: graphics.cfg 2010/04/23 v1.9 graphics configuration of TeX Live
)
Package graphics Info: Driver file: pdftex.def on input line 95.

("C:/Users/809475AG/AppData/Local/Programs/MiKTeX 2.9/tex/latex/pdftex-def/pdft
ex.def"
File: pdftex.def 2011/05/27 v0.06d Graphics/color for pdfTeX

("C:/Users/809475AG/AppData/Local/Programs/MiKTeX 2.9/tex/generic/oberdiek/infw
arerr.sty"
Package: infwarerr 2010/04/08 v1.3 Providing info/warning/error messages (HO)
)
("C:/Users/809475AG/AppData/Local/Programs/MiKTeX 2.9/tex/generic/oberdiek/ltxc
mds.sty"
Package: ltxcmds 2011/11/09 v1.22 LaTeX kernel commands for general use (HO)
)
\Gread@gobject=\count105
))
\Gin@req@height=\dimen127
\Gin@req@width=\dimen128
)
("C:/Users/809475AG/AppData/Local/Programs/MiKTeX 2.9/tex/latex/pgf/systemlayer
/pgfsys.sty"
("C:/Users/809475AG/AppData/Local/Programs/MiKTeX 2.9/tex/latex/pgf/utilities/p
gfrcs.sty"
("C:/Users/809475AG/AppData/Local/Programs/MiKTeX 2.9/tex/generic/pgf/utilities
/pgfutil-common.tex"
\pgfutil@everybye=\toks16
\pgfutil@tempdima=\dimen129
\pgfutil@tempdimb=\dimen130

("C:/Users/809475AG/AppData/Local/Programs/MiKTeX 2.9/tex/generic/pgf/utilities
/pgfutil-common-lists.tex"))
("C:/Users/809475AG/AppData/Local/Programs/MiKTeX 2.9/tex/generic/pgf/utilities
/pgfutil-latex.def"
\pgfutil@abb=\box34

("C:/Users/809475AG/AppData/Local/Programs/MiKTeX 2.9/tex/latex/ms/everyshi.sty
"
Package: everyshi 2001/05/15 v3.00 EveryShipout Package (MS)
))
("C:/Users/809475AG/AppData/Local/Programs/MiKTeX 2.9/tex/generic/pgf/utilities
/pgfrcs.code.tex"
Package: pgfrcs 2015/08/07 v3.0.1a (rcs-revision 1.31)
))
("C:/Users/809475AG/AppData/Local/Programs/MiKTeX 2.9/tex/generic/pgf/systemlay
er/pgfsys.code.tex"
Package: pgfsys 2014/07/09 v3.0.1a (rcs-revision 1.48)

("C:/Users/809475AG/AppData/Local/Programs/MiKTeX 2.9/tex/generic/pgf/utilities
/pgfkeys.code.tex"
\pgfkeys@pathtoks=\toks17
\pgfkeys@temptoks=\toks18

("C:/Users/809475AG/AppData/Local/Programs/MiKTeX 2.9/tex/generic/pgf/utilities
/pgfkeysfiltered.code.tex"
\pgfkeys@tmptoks=\toks19
))
\pgf@x=\dimen131
\pgf@y=\dimen132
\pgf@xa=\dimen133
\pgf@ya=\dimen134
\pgf@xb=\dimen135
\pgf@yb=\dimen136
\pgf@xc=\dimen137
\pgf@yc=\dimen138
\w@pgf@writea=\write3
\r@pgf@reada=\read1
\c@pgf@counta=\count106
\c@pgf@countb=\count107
\c@pgf@countc=\count108
\c@pgf@countd=\count109
\t@pgf@toka=\toks20
\t@pgf@tokb=\toks21
\t@pgf@tokc=\toks22

("C:/Users/809475AG/AppData/Local/Programs/MiKTeX 2.9/tex/generic/pgf/systemlay
er/pgf.cfg"
File: pgf.cfg 2008/05/14  (rcs-revision 1.7)
)
Driver file for pgf: pgfsys-pdftex.def

("C:/Users/809475AG/AppData/Local/Programs/MiKTeX 2.9/tex/generic/pgf/systemlay
er/pgfsys-pdftex.def"
File: pgfsys-pdftex.def 2014/10/11  (rcs-revision 1.35)

("C:/Users/809475AG/AppData/Local/Programs/MiKTeX 2.9/tex/generic/pgf/systemlay
er/pgfsys-common-pdf.def"
File: pgfsys-common-pdf.def 2013/10/10  (rcs-revision 1.13)
)))
("C:/Users/809475AG/AppData/Local/Programs/MiKTeX 2.9/tex/generic/pgf/systemlay
er/pgfsyssoftpath.code.tex"
File: pgfsyssoftpath.code.tex 2013/09/09  (rcs-revision 1.9)
\pgfsyssoftpath@smallbuffer@items=\count110
\pgfsyssoftpath@bigbuffer@items=\count111
)
("C:/Users/809475AG/AppData/Local/Programs/MiKTeX 2.9/tex/generic/pgf/systemlay
er/pgfsysprotocol.code.tex"
File: pgfsysprotocol.code.tex 2006/10/16  (rcs-revision 1.4)
))
("C:/Users/809475AG/AppData/Local/Programs/MiKTeX 2.9/tex/latex/xcolor/xcolor.s
ty"
Package: xcolor 2007/01/21 v2.11 LaTeX color extensions (UK)

("C:/Users/809475AG/AppData/Local/Programs/MiKTeX 2.9/tex/latex/00miktex/color.
cfg"
File: color.cfg 2007/01/18 v1.5 color configuration of teTeX/TeXLive
)
Package xcolor Info: Driver file: pdftex.def on input line 225.
Package xcolor Info: Model `cmy' substituted by `cmy0' on input line 1337.
Package xcolor Info: Model `hsb' substituted by `rgb' on input line 1341.
Package xcolor Info: Model `RGB' extended on input line 1353.
Package xcolor Info: Model `HTML' substituted by `rgb' on input line 1355.
Package xcolor Info: Model `Hsb' substituted by `hsb' on input line 1356.
Package xcolor Info: Model `tHsb' substituted by `hsb' on input line 1357.
Package xcolor Info: Model `HSB' substituted by `hsb' on input line 1358.
Package xcolor Info: Model `Gray' substituted by `gray' on input line 1359.
Package xcolor Info: Model `wave' substituted by `hsb' on input line 1360.
)
("C:/Users/809475AG/AppData/Local/Programs/MiKTeX 2.9/tex/generic/pgf/basiclaye
r/pgfcore.code.tex"
Package: pgfcore 2010/04/11 v3.0.1a (rcs-revision 1.7)

("C:/Users/809475AG/AppData/Local/Programs/MiKTeX 2.9/tex/generic/pgf/math/pgfm
ath.code.tex"
("C:/Users/809475AG/AppData/Local/Programs/MiKTeX 2.9/tex/generic/pgf/math/pgfm
athcalc.code.tex"
("C:/Users/809475AG/AppData/Local/Programs/MiKTeX 2.9/tex/generic/pgf/math/pgfm
athutil.code.tex")
("C:/Users/809475AG/AppData/Local/Programs/MiKTeX 2.9/tex/generic/pgf/math/pgfm
athparser.code.tex"
\pgfmath@dimen=\dimen139
\pgfmath@count=\count112
\pgfmath@box=\box35
\pgfmath@toks=\toks23
\pgfmath@stack@operand=\toks24
\pgfmath@stack@operation=\toks25
)
("C:/Users/809475AG/AppData/Local/Programs/MiKTeX 2.9/tex/generic/pgf/math/pgfm
athfunctions.code.tex"
("C:/Users/809475AG/AppData/Local/Programs/MiKTeX 2.9/tex/generic/pgf/math/pgfm
athfunctions.basic.code.tex")
("C:/Users/809475AG/AppData/Local/Programs/MiKTeX 2.9/tex/generic/pgf/math/pgfm
athfunctions.trigonometric.code.tex")
("C:/Users/809475AG/AppData/Local/Programs/MiKTeX 2.9/tex/generic/pgf/math/pgfm
athfunctions.random.code.tex")
("C:/Users/809475AG/AppData/Local/Programs/MiKTeX 2.9/tex/generic/pgf/math/pgfm
athfunctions.comparison.code.tex")
("C:/Users/809475AG/AppData/Local/Programs/MiKTeX 2.9/tex/generic/pgf/math/pgfm
athfunctions.base.code.tex")
("C:/Users/809475AG/AppData/Local/Programs/MiKTeX 2.9/tex/generic/pgf/math/pgfm
athfunctions.round.code.tex")
("C:/Users/809475AG/AppData/Local/Programs/MiKTeX 2.9/tex/generic/pgf/math/pgfm
athfunctions.misc.code.tex")
("C:/Users/809475AG/AppData/Local/Programs/MiKTeX 2.9/tex/generic/pgf/math/pgfm
athfunctions.integerarithmetics.code.tex")))
("C:/Users/809475AG/AppData/Local/Programs/MiKTeX 2.9/tex/generic/pgf/math/pgfm
athfloat.code.tex"
\c@pgfmathroundto@lastzeros=\count113
))
("C:/Users/809475AG/AppData/Local/Programs/MiKTeX 2.9/tex/generic/pgf/basiclaye
r/pgfcorepoints.code.tex"
File: pgfcorepoints.code.tex 2013/10/07  (rcs-revision 1.27)
\pgf@picminx=\dimen140
\pgf@picmaxx=\dimen141
\pgf@picminy=\dimen142
\pgf@picmaxy=\dimen143
\pgf@pathminx=\dimen144
\pgf@pathmaxx=\dimen145
\pgf@pathminy=\dimen146
\pgf@pathmaxy=\dimen147
\pgf@xx=\dimen148
\pgf@xy=\dimen149
\pgf@yx=\dimen150
\pgf@yy=\dimen151
\pgf@zx=\dimen152
\pgf@zy=\dimen153
)
("C:/Users/809475AG/AppData/Local/Programs/MiKTeX 2.9/tex/generic/pgf/basiclaye
r/pgfcorepathconstruct.code.tex"
File: pgfcorepathconstruct.code.tex 2013/10/07  (rcs-revision 1.29)
\pgf@path@lastx=\dimen154
\pgf@path@lasty=\dimen155
)
("C:/Users/809475AG/AppData/Local/Programs/MiKTeX 2.9/tex/generic/pgf/basiclaye
r/pgfcorepathusage.code.tex"
File: pgfcorepathusage.code.tex 2014/11/02  (rcs-revision 1.24)
\pgf@shorten@end@additional=\dimen156
\pgf@shorten@start@additional=\dimen157
)
("C:/Users/809475AG/AppData/Local/Programs/MiKTeX 2.9/tex/generic/pgf/basiclaye
r/pgfcorescopes.code.tex"
File: pgfcorescopes.code.tex 2015/05/08  (rcs-revision 1.46)
\pgfpic=\box36
\pgf@hbox=\box37
\pgf@layerbox@main=\box38
\pgf@picture@serial@count=\count114
)
("C:/Users/809475AG/AppData/Local/Programs/MiKTeX 2.9/tex/generic/pgf/basiclaye
r/pgfcoregraphicstate.code.tex"
File: pgfcoregraphicstate.code.tex 2014/11/02  (rcs-revision 1.12)
\pgflinewidth=\dimen158
)
("C:/Users/809475AG/AppData/Local/Programs/MiKTeX 2.9/tex/generic/pgf/basiclaye
r/pgfcoretransformations.code.tex"
File: pgfcoretransformations.code.tex 2015/08/07  (rcs-revision 1.20)
\pgf@pt@x=\dimen159
\pgf@pt@y=\dimen160
\pgf@pt@temp=\dimen161
)
("C:/Users/809475AG/AppData/Local/Programs/MiKTeX 2.9/tex/generic/pgf/basiclaye
r/pgfcorequick.code.tex"
File: pgfcorequick.code.tex 2008/10/09  (rcs-revision 1.3)
)
("C:/Users/809475AG/AppData/Local/Programs/MiKTeX 2.9/tex/generic/pgf/basiclaye
r/pgfcoreobjects.code.tex"
File: pgfcoreobjects.code.tex 2006/10/11  (rcs-revision 1.2)
)
("C:/Users/809475AG/AppData/Local/Programs/MiKTeX 2.9/tex/generic/pgf/basiclaye
r/pgfcorepathprocessing.code.tex"
File: pgfcorepathprocessing.code.tex 2013/09/09  (rcs-revision 1.9)
)
("C:/Users/809475AG/AppData/Local/Programs/MiKTeX 2.9/tex/generic/pgf/basiclaye
r/pgfcorearrows.code.tex"
File: pgfcorearrows.code.tex 2015/05/14  (rcs-revision 1.43)
\pgfarrowsep=\dimen162
)
("C:/Users/809475AG/AppData/Local/Programs/MiKTeX 2.9/tex/generic/pgf/basiclaye
r/pgfcoreshade.code.tex"
File: pgfcoreshade.code.tex 2013/07/15  (rcs-revision 1.15)
\pgf@max=\dimen163
\pgf@sys@shading@range@num=\count115
)
("C:/Users/809475AG/AppData/Local/Programs/MiKTeX 2.9/tex/generic/pgf/basiclaye
r/pgfcoreimage.code.tex"
File: pgfcoreimage.code.tex 2013/07/15  (rcs-revision 1.18)

("C:/Users/809475AG/AppData/Local/Programs/MiKTeX 2.9/tex/generic/pgf/basiclaye
r/pgfcoreexternal.code.tex"
File: pgfcoreexternal.code.tex 2014/07/09  (rcs-revision 1.21)
\pgfexternal@startupbox=\box39
))
("C:/Users/809475AG/AppData/Local/Programs/MiKTeX 2.9/tex/generic/pgf/basiclaye
r/pgfcorelayers.code.tex"
File: pgfcorelayers.code.tex 2013/07/18  (rcs-revision 1.7)
)
("C:/Users/809475AG/AppData/Local/Programs/MiKTeX 2.9/tex/generic/pgf/basiclaye
r/pgfcoretransparency.code.tex"
File: pgfcoretransparency.code.tex 2013/09/30  (rcs-revision 1.5)
)
("C:/Users/809475AG/AppData/Local/Programs/MiKTeX 2.9/tex/generic/pgf/basiclaye
r/pgfcorepatterns.code.tex"
File: pgfcorepatterns.code.tex 2013/11/07  (rcs-revision 1.5)
)))
("C:/Users/809475AG/AppData/Local/Programs/MiKTeX 2.9/tex/latex/pgf/utilities/x
xcolor.sty"
Package: xxcolor 2003/10/24 ver 0.1
\XC@nummixins=\count116
\XC@countmixins=\count117
)
("C:/Users/809475AG/AppData/Local/Programs/MiKTeX 2.9/tex/generic/oberdiek/atbe
gshi.sty"
Package: atbegshi 2011/10/05 v1.16 At begin shipout hook (HO)
)
("C:/Users/809475AG/AppData/Local/Programs/MiKTeX 2.9/tex/latex/hyperref/hyperr
ef.sty"
Package: hyperref 2012/11/06 v6.83m Hypertext links for LaTeX

("C:/Users/809475AG/AppData/Local/Programs/MiKTeX 2.9/tex/generic/oberdiek/hobs
ub-hyperref.sty"
Package: hobsub-hyperref 2012/04/25 v1.12 Bundle oberdiek, subset hyperref (HO)

("C:/Users/809475AG/AppData/Local/Programs/MiKTeX 2.9/tex/generic/oberdiek/hobs
ub-generic.sty"
Package: hobsub-generic 2012/04/25 v1.12 Bundle oberdiek, subset generic (HO)
Package: hobsub 2012/04/25 v1.12 Construct package bundles (HO)
Package hobsub Info: Skipping package `infwarerr' (already loaded).
Package hobsub Info: Skipping package `ltxcmds' (already loaded).
Package: ifluatex 2010/03/01 v1.3 Provides the ifluatex switch (HO)
Package ifluatex Info: LuaTeX detected.
Package hobsub Info: Skipping package `ifvtex' (already loaded).
Package: intcalc 2007/09/27 v1.1 Expandable calculations with integers (HO)
Package hobsub Info: Skipping package `ifpdf' (already loaded).
Package: etexcmds 2011/02/16 v1.5 Avoid name clashes with e-TeX commands (HO)
Package: kvsetkeys 2012/04/25 v1.16 Key value parser (HO)
Package: kvdefinekeys 2011/04/07 v1.3 Define keys (HO)
Package: luatex-loader 2010/03/09 v0.4 Lua module loader (HO)

(C:/Users/809475AG/AppData/Local/Programs/MiKTeX 2.9/scripts/oberdiek/oberdiek.l
uatex.lua)
Package: pdftexcmds 2011/11/29 v0.20 Utility functions of pdfTeX for LuaTeX (HO)

Package pdftexcmds Info: \pdf@primitive is available.
Package pdftexcmds Info: \pdf@ifprimitive is available.
Package pdftexcmds Info: \pdfdraftmode found.
\pdftexcmds@toks=\toks26
Package: pdfescape 2011/11/25 v1.13 Implements pdfTeX's escape features (HO)
Package: bigintcalc 2012/04/08 v1.3 Expandable calculations on big integers (HO)

Package: bitset 2011/01/30 v1.1 Handle bit-vector datatype (HO)
Package: uniquecounter 2011/01/30 v1.2 Provide unlimited unique counter (HO)
)
Package hobsub Info: Skipping package `hobsub' (already loaded).
Package: letltxmacro 2010/09/02 v1.4 Let assignment for LaTeX macros (HO)
Package: hopatch 2011/06/24 v1.1 Wrapper for package hooks (HO)
Package: xcolor-patch 2011/01/30 xcolor patch
Package: atveryend 2011/06/30 v1.8 Hooks at the very end of document (HO)
Package atveryend Info: \enddocument detected (standard20110627).
Package hobsub Info: Skipping package `atbegshi' (already loaded).
Package: refcount 2011/10/16 v3.4 Data extraction from label references (HO)
Package: hycolor 2011/01/30 v1.7 Color options for hyperref/bookmark (HO)
)
("C:/Users/809475AG/AppData/Local/Programs/MiKTeX 2.9/tex/latex/oberdiek/auxhoo
k.sty"
Package: auxhook 2011/03/04 v1.3 Hooks for auxiliary files (HO)
)
("C:/Users/809475AG/AppData/Local/Programs/MiKTeX 2.9/tex/latex/oberdiek/kvopti
ons.sty"
Package: kvoptions 2011/06/30 v3.11 Key value format for package options (HO)
)
\@linkdim=\dimen164
\Hy@linkcounter=\count118
\Hy@pagecounter=\count119

("C:/Users/809475AG/AppData/Local/Programs/MiKTeX 2.9/tex/latex/hyperref/pd1enc
.def"
File: pd1enc.def 2012/11/06 v6.83m Hyperref: PDFDocEncoding definition (HO)
)
\Hy@SavedSpaceFactor=\count120

("C:/Users/809475AG/AppData/Local/Programs/MiKTeX 2.9/tex/latex/00miktex/hyperr
ef.cfg"
File: hyperref.cfg 2002/06/06 v1.2 hyperref configuration of TeXLive
)
Package hyperref Info: Option `bookmarks' set `true' on input line 4319.
Package hyperref Info: Option `bookmarksopen' set `true' on input line 4319.
Package hyperref Info: Option `implicit' set `false' on input line 4319.
Package hyperref Info: Hyper figures OFF on input line 4443.
Package hyperref Info: Link nesting OFF on input line 4448.
Package hyperref Info: Hyper index ON on input line 4451.
Package hyperref Info: Plain pages OFF on input line 4458.
Package hyperref Info: Backreferencing OFF on input line 4463.
Package hyperref Info: Implicit mode OFF; no redefinition of LaTeX internals.
Package hyperref Info: Bookmarks ON on input line 4688.
\c@Hy@tempcnt=\count121

("C:/Users/809475AG/AppData/Local/Programs/MiKTeX 2.9/tex/latex/url/url.sty"
\Urlmuskip=\muskip10
Package: url 2013/09/16  ver 3.4  Verb mode for urls, etc.
)
LaTeX Info: Redefining \url on input line 5041.
\XeTeXLinkMargin=\dimen165
\Fld@menulength=\count122
\Field@Width=\dimen166
\Fld@charsize=\dimen167
Package hyperref Info: Hyper figures OFF on input line 6295.
Package hyperref Info: Link nesting OFF on input line 6300.
Package hyperref Info: Hyper index ON on input line 6303.
Package hyperref Info: backreferencing OFF on input line 6310.
Package hyperref Info: Link coloring OFF on input line 6315.
Package hyperref Info: Link coloring with OCG OFF on input line 6320.
Package hyperref Info: PDF/A mode OFF on input line 6325.
LaTeX Info: Redefining \ref on input line 6365.
LaTeX Info: Redefining \pageref on input line 6369.
\Hy@abspage=\count123


Package hyperref Message: Stopped early.

)

Package hyperref Message: Driver (autodetected): hpdftex.


("C:/Users/809475AG/AppData/Local/Programs/MiKTeX 2.9/tex/latex/hyperref/hpdfte
x.def"
File: hpdftex.def 2012/11/06 v6.83m Hyperref driver for pdfTeX
\Fld@listcount=\count124
\c@bookmark@seq@number=\count125

("C:/Users/809475AG/AppData/Local/Programs/MiKTeX 2.9/tex/latex/oberdiek/rerunf
ilecheck.sty"
Package: rerunfilecheck 2011/04/15 v1.7 Rerun checks for auxiliary files (HO)
Package uniquecounter Info: New unique counter `rerunfilecheck' on input line 28
2.
))
("C:/Users/809475AG/AppData/Local/Programs/MiKTeX 2.9/tex/latex/beamer/base/bea
merbaserequires.sty"
Package: beamerbaserequires 2010/05/01  (rcs-revision efa082c6111d)

("C:/Users/809475AG/AppData/Local/Programs/MiKTeX 2.9/tex/latex/beamer/base/bea
merbasecompatibility.sty"
Package: beamerbasecompatibility 2012/05/01  (rcs-revision 67c48b3b652d)
)
("C:/Users/809475AG/AppData/Local/Programs/MiKTeX 2.9/tex/latex/beamer/base/bea
merbasefont.sty"
Package: beamerbasefont 2015/01/05  (rcs-revision b4b4bee242e2)

("C:/Users/809475AG/AppData/Local/Programs/MiKTeX 2.9/tex/latex/amsfonts/amssym
b.sty"
Package: amssymb 2013/01/14 v3.01 AMS font symbols

("C:/Users/809475AG/AppData/Local/Programs/MiKTeX 2.9/tex/latex/amsfonts/amsfon
ts.sty"
Package: amsfonts 2013/01/14 v3.01 Basic AMSFonts support
\@emptytoks=\toks27
\symAMSa=\mathgroup4
\symAMSb=\mathgroup5
LaTeX Font Info:    Overwriting math alphabet `\mathfrak' in version `bold'
(Font)                  U/euf/m/n --> U/euf/b/n on input line 106.
))
("C:/Users/809475AG/AppData/Local/Programs/MiKTeX 2.9/tex/latex/sansmathaccent/
sansmathaccent.sty"
Package: sansmathaccent 2013/03/28

("C:/Users/809475AG/AppData/Local/Programs/MiKTeX 2.9/tex/latex/filehook/fileho
ok.sty"
Package: filehook 2011/10/12 v0.5d Hooks for input files
)))
("C:/Users/809475AG/AppData/Local/Programs/MiKTeX 2.9/tex/latex/beamer/base/bea
merbasetranslator.sty"
Package: beamerbasetranslator 2010/06/11  (rcs-revision 85fd1cc7fc42)

("C:/Users/809475AG/AppData/Local/Programs/MiKTeX 2.9/tex/latex/beamer/base/tra
nslator/translator.sty"
Package: translator 2010/06/12 ver 1.10

("C:/Users/809475AG/AppData/Local/Programs/MiKTeX 2.9/tex/latex/beamer/base/tra
nslator/translator-language-mappings.tex")))
("C:/Users/809475AG/AppData/Local/Programs/MiKTeX 2.9/tex/latex/beamer/base/bea
merbasemisc.sty"
Package: beamerbasemisc 2013/09/03  (rcs-revision a55719c41d85)
)
("C:/Users/809475AG/AppData/Local/Programs/MiKTeX 2.9/tex/latex/beamer/base/bea
merbasetwoscreens.sty"
Package: beamerbasetwoscreens 2010/05/01  (rcs-revision efa082c6111d)
)
("C:/Users/809475AG/AppData/Local/Programs/MiKTeX 2.9/tex/latex/beamer/base/bea
merbaseoverlay.sty"
Package: beamerbaseoverlay 2013/12/25  (rcs-revision f6bd5e3805da)
\beamer@argscount=\count126
\beamer@lastskipcover=\skip44
\beamer@trivlistdepth=\count127
)
("C:/Users/809475AG/AppData/Local/Programs/MiKTeX 2.9/tex/latex/beamer/base/bea
merbasetitle.sty"
Package: beamerbasetitle 2010/09/21  (rcs-revision f0446ed0b6ae)
)
("C:/Users/809475AG/AppData/Local/Programs/MiKTeX 2.9/tex/latex/beamer/base/bea
merbasesection.sty"
Package: beamerbasesection 2013/06/07  (rcs-revision 60b9fe0f342f)
\c@lecture=\count128
\c@part=\count129
\c@section=\count130
\c@subsection=\count131
\c@subsubsection=\count132
)
("C:/Users/809475AG/AppData/Local/Programs/MiKTeX 2.9/tex/latex/beamer/base/bea
merbaseframe.sty"
Package: beamerbaseframe 2014/02/20  (rcs-revision 4b8ceeeff434)
\beamer@framebox=\box40
\beamer@frametitlebox=\box41
\beamer@zoombox=\box42
\beamer@zoomcount=\count133
\beamer@zoomframecount=\count134
\beamer@frametextheight=\dimen168
\c@subsectionslide=\count135
\beamer@frametopskip=\skip45
\beamer@framebottomskip=\skip46
\beamer@frametopskipautobreak=\skip47
\beamer@framebottomskipautobreak=\skip48
\beamer@envbody=\toks28
\framewidth=\dimen169
\c@framenumber=\count136
)
("C:/Users/809475AG/AppData/Local/Programs/MiKTeX 2.9/tex/latex/beamer/base/bea
merbaseverbatim.sty"
Package: beamerbaseverbatim 2015/01/05  (rcs-revision 431510bb5890)
\beamer@verbatimfileout=\write4
)
("C:/Users/809475AG/AppData/Local/Programs/MiKTeX 2.9/tex/latex/beamer/base/bea
merbaseframesize.sty"
Package: beamerbaseframesize 2011/09/12  (rcs-revision 70f9d8411e54)
\beamer@splitbox=\box43
\beamer@autobreakcount=\count137
\beamer@autobreaklastheight=\dimen170
\beamer@frametitletoks=\toks29
\beamer@framesubtitletoks=\toks30
)
("C:/Users/809475AG/AppData/Local/Programs/MiKTeX 2.9/tex/latex/beamer/base/bea
merbaseframecomponents.sty"
Package: beamerbaseframecomponents 2013/10/18  (rcs-revision 5cf6c5555a45)
\beamer@footins=\box44
)
("C:/Users/809475AG/AppData/Local/Programs/MiKTeX 2.9/tex/latex/beamer/base/bea
merbasecolor.sty"
Package: beamerbasecolor 2015/02/21  (rcs-revision d944b04ee2d5)
)
("C:/Users/809475AG/AppData/Local/Programs/MiKTeX 2.9/tex/latex/beamer/base/bea
merbasenotes.sty"
Package: beamerbasenotes 2012/12/19  (rcs-revision 1686da3db3c9)
\beamer@frameboxcopy=\box45
)
("C:/Users/809475AG/AppData/Local/Programs/MiKTeX 2.9/tex/latex/beamer/base/bea
merbasetoc.sty"
Package: beamerbasetoc 2015/03/08  (rcs-revision 7270298bbaae)
)
("C:/Users/809475AG/AppData/Local/Programs/MiKTeX 2.9/tex/latex/beamer/base/bea
merbasetemplates.sty"
Package: beamerbasetemplates 2010/05/01  (rcs-revision efa082c6111d)
\beamer@sbttoks=\toks31

("C:/Users/809475AG/AppData/Local/Programs/MiKTeX 2.9/tex/latex/beamer/base/bea
merbaseauxtemplates.sty"
Package: beamerbaseauxtemplates 2014/06/30  (rcs-revision 580088513a67)

("C:/Users/809475AG/AppData/Local/Programs/MiKTeX 2.9/tex/latex/beamer/base/bea
merbaseboxes.sty"
Package: beamerbaseboxes 2012/05/13  (rcs-revision 56972908a390)
\bmb@box=\box46
\bmb@colorbox=\box47
\bmb@boxshadow=\box48
\bmb@boxshadowball=\box49
\bmb@boxshadowballlarge=\box50
\bmb@temp=\dimen171
\bmb@dima=\dimen172
\bmb@dimb=\dimen173
\bmb@prevheight=\dimen174
)
\beamer@blockheadheight=\dimen175
))
("C:/Users/809475AG/AppData/Local/Programs/MiKTeX 2.9/tex/latex/beamer/base/bea
merbaselocalstructure.sty"
Package: beamerbaselocalstructure 2014/09/10  (rcs-revision 393f6dcff371)

("C:/Users/809475AG/AppData/Local/Programs/MiKTeX 2.9/tex/latex/tools/enumerate
.sty"
Package: enumerate 2015/07/23 v3.00 enumerate extensions (DPC)
\@enLab=\toks32
)
\c@figure=\count138
\c@table=\count139
\abovecaptionskip=\skip49
\belowcaptionskip=\skip50
)
("C:/Users/809475AG/AppData/Local/Programs/MiKTeX 2.9/tex/latex/beamer/base/bea
merbasenavigation.sty"
Package: beamerbasenavigation 2015/02/27  (rcs-revision 923f4bf87efa)
\beamer@section@min@dim=\dimen176
)
("C:/Users/809475AG/AppData/Local/Programs/MiKTeX 2.9/tex/latex/beamer/base/bea
merbasetheorems.sty"
Package: beamerbasetheorems 2010/06/06  (rcs-revision 7e7cc5e53e9d)

("C:/Users/809475AG/AppData/Local/Programs/MiKTeX 2.9/tex/latex/amsmath/amsmath
.sty"
Package: amsmath 2016/03/03 v2.15a AMS math features
\@mathmargin=\skip51

For additional information on amsmath, use the `?' option.

("C:/Users/809475AG/AppData/Local/Programs/MiKTeX 2.9/tex/latex/amsmath/amstext
.sty"
Package: amstext 2000/06/29 v2.01 AMS text

("C:/Users/809475AG/AppData/Local/Programs/MiKTeX 2.9/tex/latex/amsmath/amsgen.
sty"
File: amsgen.sty 1999/11/30 v2.0 generic functions
\@emptytoks=\toks33
\ex@=\dimen177
))
("C:/Users/809475AG/AppData/Local/Programs/MiKTeX 2.9/tex/latex/amsmath/amsbsy.
sty"
Package: amsbsy 1999/11/29 v1.2d Bold Symbols
\pmbraise@=\dimen178
)
("C:/Users/809475AG/AppData/Local/Programs/MiKTeX 2.9/tex/latex/amsmath/amsopn.
sty"
Package: amsopn 1999/12/14 v2.01 operator names
)
\inf@bad=\count140
LaTeX Info: Redefining \frac on input line 199.
\uproot@=\count141
\leftroot@=\count142
LaTeX Info: Redefining \overline on input line 297.
\classnum@=\count143
\DOTSCASE@=\count144
LaTeX Info: Redefining \ldots on input line 394.
LaTeX Info: Redefining \dots on input line 397.
LaTeX Info: Redefining \cdots on input line 518.
\Mathstrutbox@=\box51
\strutbox@=\box52
\big@size=\dimen179
LaTeX Font Info:    Redeclaring font encoding OML on input line 630.
LaTeX Font Info:    Redeclaring font encoding OMS on input line 631.
\macc@depth=\count145
\c@MaxMatrixCols=\count146
\dotsspace@=\muskip11
\c@parentequation=\count147
\dspbrk@lvl=\count148
\tag@help=\toks34
\row@=\count149
\column@=\count150
\maxfields@=\count151
\andhelp@=\toks35
\eqnshift@=\dimen180
\alignsep@=\dimen181
\tagshift@=\dimen182
\tagwidth@=\dimen183
\totwidth@=\dimen184
\lineht@=\dimen185
\@envbody=\toks36
\multlinegap=\skip52
\multlinetaggap=\skip53
\mathdisplay@stack=\toks37
LaTeX Info: Redefining \[ on input line 2735.
LaTeX Info: Redefining \] on input line 2736.
)
("C:/Users/809475AG/AppData/Local/Programs/MiKTeX 2.9/tex/latex/amscls/amsthm.s
ty"
Package: amsthm 2015/03/04 v2.20.2
\thm@style=\toks38
\thm@bodyfont=\toks39
\thm@headfont=\toks40
\thm@notefont=\toks41
\thm@headpunct=\toks42
\thm@preskip=\skip54
\thm@postskip=\skip55
\thm@headsep=\skip56
\dth@everypar=\toks43
)
\c@theorem=\count152
)
("C:/Users/809475AG/AppData/Local/Programs/MiKTeX 2.9/tex/latex/beamer/base/bea
merbasethemes.sty"
Package: beamerbasethemes 2010/05/01  (rcs-revision efa082c6111d)
))
("C:/Users/809475AG/AppData/Local/Programs/MiKTeX 2.9/tex/latex/beamer/base/the
mes/theme/beamerthemedefault.sty"
Package: beamerthemedefault 2010/06/17  (rcs-revision d02a7cf4d8ae)

("C:/Users/809475AG/AppData/Local/Programs/MiKTeX 2.9/tex/latex/beamer/base/the
mes/font/beamerfontthemedefault.sty"
Package: beamerfontthemedefault 2012/12/19  (rcs-revision 1686da3db3c9)
)
("C:/Users/809475AG/AppData/Local/Programs/MiKTeX 2.9/tex/latex/beamer/base/the
mes/color/beamercolorthemedefault.sty"
Package: beamercolorthemedefault 2012/12/19  (rcs-revision 1686da3db3c9)
)
("C:/Users/809475AG/AppData/Local/Programs/MiKTeX 2.9/tex/latex/beamer/base/the
mes/inner/beamerinnerthemedefault.sty"
Package: beamerinnerthemedefault 2014/06/30  (rcs-revision 580088513a67)
\beamer@dima=\dimen186
\beamer@dimb=\dimen187
)
("C:/Users/809475AG/AppData/Local/Programs/MiKTeX 2.9/tex/latex/beamer/base/the
mes/outer/beamerouterthemedefault.sty"
Package: beamerouterthemedefault 2012/12/19  (rcs-revision 1686da3db3c9)
))) (./beamerthememetropolis.sty
Package: beamerthememetropolis 2016/03/14 v1.1 Metropolis Beamer theme

("C:/Users/809475AG/AppData/Local/Programs/MiKTeX 2.9/tex/latex/etoolbox/etoolb
ox.sty"
Package: etoolbox 2015/08/02 v2.2a e-TeX tools for LaTeX (JAW)
\etb@tempcnta=\count153
)
("C:/Users/809475AG/AppData/Local/Programs/MiKTeX 2.9/tex/latex/pgfopts/pgfopts
.sty"
Package: pgfopts 2014/07/10 v2.1a LaTeX package options with pgfkeys

("C:/Users/809475AG/AppData/Local/Programs/MiKTeX 2.9/tex/latex/pgf/utilities/p
gfkeys.sty"
("C:/Users/809475AG/AppData/Local/Programs/MiKTeX 2.9/tex/generic/pgf/utilities
/pgfkeys.code.tex"))
\pgfopts@list@add@a@toks=\toks44
\pgfopts@list@add@b@toks=\toks45
) (./beamerinnerthememetropolis.sty
Package: beamerinnerthememetropolis 2016/03/14 Metropolis inner theme

("C:/Users/809475AG/AppData/Local/Programs/MiKTeX 2.9/tex/latex/tools/calc.sty"
Package: calc 2014/10/28 v4.3 Infix arithmetic (KKT,FJ)
\calc@Acount=\count154
\calc@Bcount=\count155
\calc@Adimen=\dimen188
\calc@Bdimen=\dimen189
\calc@Askip=\skip57
\calc@Bskip=\skip58
LaTeX Info: Redefining \setlength on input line 80.
LaTeX Info: Redefining \addtolength on input line 81.
\calc@Ccount=\count156
\calc@Cskip=\skip59
)
("C:/Users/809475AG/AppData/Local/Programs/MiKTeX 2.9/tex/latex/pgf/frontendlay
er/tikz.sty"
("C:/Users/809475AG/AppData/Local/Programs/MiKTeX 2.9/tex/latex/pgf/basiclayer/
pgf.sty"
Package: pgf 2015/08/07 v3.0.1a (rcs-revision 1.15)

("C:/Users/809475AG/AppData/Local/Programs/MiKTeX 2.9/tex/generic/pgf/modules/p
gfmoduleshapes.code.tex"
File: pgfmoduleshapes.code.tex 2014/03/21  (rcs-revision 1.35)
\pgfnodeparttextbox=\box53
)
("C:/Users/809475AG/AppData/Local/Programs/MiKTeX 2.9/tex/generic/pgf/modules/p
gfmoduleplot.code.tex"
File: pgfmoduleplot.code.tex 2015/08/03  (rcs-revision 1.13)
)
("C:/Users/809475AG/AppData/Local/Programs/MiKTeX 2.9/tex/latex/pgf/compatibili
ty/pgfcomp-version-0-65.sty"
Package: pgfcomp-version-0-65 2007/07/03 v3.0.1a (rcs-revision 1.7)
\pgf@nodesepstart=\dimen190
\pgf@nodesepend=\dimen191
)
("C:/Users/809475AG/AppData/Local/Programs/MiKTeX 2.9/tex/latex/pgf/compatibili
ty/pgfcomp-version-1-18.sty"
Package: pgfcomp-version-1-18 2007/07/23 v3.0.1a (rcs-revision 1.1)
))
("C:/Users/809475AG/AppData/Local/Programs/MiKTeX 2.9/tex/latex/pgf/utilities/p
gffor.sty"
("C:/Users/809475AG/AppData/Local/Programs/MiKTeX 2.9/tex/latex/pgf/math/pgfmat
h.sty"
("C:/Users/809475AG/AppData/Local/Programs/MiKTeX 2.9/tex/generic/pgf/math/pgfm
ath.code.tex"))
("C:/Users/809475AG/AppData/Local/Programs/MiKTeX 2.9/tex/generic/pgf/utilities
/pgffor.code.tex"
Package: pgffor 2013/12/13 v3.0.1a (rcs-revision 1.25)

("C:/Users/809475AG/AppData/Local/Programs/MiKTeX 2.9/tex/generic/pgf/math/pgfm
ath.code.tex")
\pgffor@iter=\dimen192
\pgffor@skip=\dimen193
\pgffor@stack=\toks46
\pgffor@toks=\toks47
))
("C:/Users/809475AG/AppData/Local/Programs/MiKTeX 2.9/tex/generic/pgf/frontendl
ayer/tikz/tikz.code.tex"
Package: tikz 2015/08/07 v3.0.1a (rcs-revision 1.151)

("C:/Users/809475AG/AppData/Local/Programs/MiKTeX 2.9/tex/generic/pgf/libraries
/pgflibraryplothandlers.code.tex"
File: pgflibraryplothandlers.code.tex 2013/08/31 v3.0.1a (rcs-revision 1.20)
\pgf@plot@mark@count=\count157
\pgfplotmarksize=\dimen194
)
\tikz@lastx=\dimen195
\tikz@lasty=\dimen196
\tikz@lastxsaved=\dimen197
\tikz@lastysaved=\dimen198
\tikzleveldistance=\dimen199
\tikzsiblingdistance=\dimen256
\tikz@figbox=\box54
\tikz@figbox@bg=\box55
\tikz@tempbox=\box56
\tikz@tempbox@bg=\box57
\tikztreelevel=\count158
\tikznumberofchildren=\count159
\tikznumberofcurrentchild=\count160
\tikz@fig@count=\count161

("C:/Users/809475AG/AppData/Local/Programs/MiKTeX 2.9/tex/generic/pgf/modules/p
gfmodulematrix.code.tex"
File: pgfmodulematrix.code.tex 2013/09/17  (rcs-revision 1.8)
\pgfmatrixcurrentrow=\count162
\pgfmatrixcurrentcolumn=\count163
\pgf@matrix@numberofcolumns=\count164
)
\tikz@expandcount=\count165

("C:/Users/809475AG/AppData/Local/Programs/MiKTeX 2.9/tex/generic/pgf/frontendl
ayer/tikz/libraries/tikzlibrarytopaths.code.tex"
File: tikzlibrarytopaths.code.tex 2008/06/17 v3.0.1a (rcs-revision 1.2)
)))
\metropolis@progressonsectionpage=\skip60
\metropolis@blocksep=\skip61
\metropolis@blockadjust=\skip62
\metropolis@parskip=\skip63
)
(./beamerouterthememetropolis.sty
Package: beamerouterthememetropolis 2016/03/14 Metropolis outer theme
\metropolis@frametitle@padding=\skip64
\metropolis@progressinheadfoot=\skip65
) (./beamercolorthememetropolis.sty
Package: beamercolorthememetropolis 2016/03/14 Metropolis color theme
)
(./beamerfontthememetropolis.sty
Package: beamerfontthememetropolis 2016/03/14 Metropolis font theme

("C:/Users/809475AG/AppData/Local/Programs/MiKTeX 2.9/tex/latex/fontspec/fontsp
ec.sty"
("C:/Users/809475AG/AppData/Local/Programs/MiKTeX 2.9/tex/latex/l3kernel/expl3.
sty"
Package: expl3 2016/03/28 v6468 L3 programming layer (loader) 

("C:/Users/809475AG/AppData/Local/Programs/MiKTeX 2.9/tex/latex/l3kernel/expl3-
code.tex"
Package: expl3 2016/03/28 v6468 L3 programming layer (code)
L3 Module: l3bootstrap 2016/02/12 v6412 L3 Bootstrap code
\ucharcat@table=\catcodetable5
L3 Module: l3names 2016/03/11 v6433 L3 Namespace for primitives
L3 Module: l3basics 2015/11/22 v6315 L3 Basic definitions
L3 Module: l3expan 2015/09/10 v5983 L3 Argument expansion
L3 Module: l3tl 2016/03/26 v6465 L3 Token lists
L3 Module: l3str 2016/03/24 v6441 L3 Strings
L3 Module: l3seq 2015/08/05 v5777 L3 Sequences and stacks
L3 Module: l3int 2016/03/24 v6441 L3 Integers
\c_max_int=\count166
\l_tmpa_int=\count167
\l_tmpb_int=\count168
\g_tmpa_int=\count169
\g_tmpb_int=\count170
L3 Module: l3quark 2015/08/17 v5855 L3 Quarks
L3 Module: l3prg 2015/11/01 v6216 L3 Control structures
\g__prg_map_int=\count171
L3 Module: l3clist 2015/09/02 v5901 L3 Comma separated lists
L3 Module: l3token 2016/03/26 v6465 L3 Experimental token manipulation
L3 Module: l3prop 2016/01/05 v6366 L3 Property lists
L3 Module: l3msg 2016/03/26 v6464 L3 Messages
L3 Module: l3file 2016/03/25 v6458 L3 File and I/O operations
\l_iow_line_count_int=\count172
\l__iow_target_count_int=\count173
\l__iow_current_line_int=\count174
\l__iow_current_word_int=\count175
\l__iow_current_indentation_int=\count176
L3 Module: l3skip 2016/01/05 v6366 L3 Dimensions and skips
\c_zero_dim=\dimen257
\c_max_dim=\dimen258
\l_tmpa_dim=\dimen259
\l_tmpb_dim=\dimen260
\g_tmpa_dim=\dimen261
\g_tmpb_dim=\dimen262
\c_zero_skip=\skip66
\c_max_skip=\skip67
\l_tmpa_skip=\skip68
\l_tmpb_skip=\skip69
\g_tmpa_skip=\skip70
\g_tmpb_skip=\skip71
\c_zero_muskip=\muskip12
\c_max_muskip=\muskip13
\l_tmpa_muskip=\muskip14
\l_tmpb_muskip=\muskip15
\g_tmpa_muskip=\muskip16
\g_tmpb_muskip=\muskip17
L3 Module: l3keys 2015/11/17 v6284 L3 Key-value interfaces
\g__keyval_level_int=\count177
\l_keys_choice_int=\count178
L3 Module: l3fp 2016/03/26 v6465 L3 Floating points
\c__fp_leading_shift_int=\count179
\c__fp_middle_shift_int=\count180
\c__fp_trailing_shift_int=\count181
\c__fp_big_leading_shift_int=\count182
\c__fp_big_middle_shift_int=\count183
\c__fp_big_trailing_shift_int=\count184
\c__fp_Bigg_leading_shift_int=\count185
\c__fp_Bigg_middle_shift_int=\count186
\c__fp_Bigg_trailing_shift_int=\count187
L3 Module: l3box 2015/08/09 v5822 L3 Experimental boxes
\c_empty_box=\box58
\l_tmpa_box=\box59
\l_tmpb_box=\box60
\g_tmpa_box=\box61
\g_tmpb_box=\box62
L3 Module: l3coffins 2016/03/24 v6440 L3 Coffin code layer
\l__coffin_internal_box=\box63
\l__coffin_internal_dim=\dimen263
\l__coffin_offset_x_dim=\dimen264
\l__coffin_offset_y_dim=\dimen265
\l__coffin_x_dim=\dimen266
\l__coffin_y_dim=\dimen267
\l__coffin_x_prime_dim=\dimen268
\l__coffin_y_prime_dim=\dimen269
\c_empty_coffin=\box64
\l__coffin_aligned_coffin=\box65
\l__coffin_aligned_internal_coffin=\box66
\l_tmpa_coffin=\box67
\l_tmpb_coffin=\box68
\l__coffin_display_coffin=\box69
\l__coffin_display_coord_coffin=\box70
\l__coffin_display_pole_coffin=\box71
\l__coffin_display_offset_dim=\dimen270
\l__coffin_display_x_dim=\dimen271
\l__coffin_display_y_dim=\dimen272
L3 Module: l3color 2014/08/23 v5354 L3 Experimental color support
L3 Module: l3sys 2015/09/25 v6087 L3 Experimental system/runtime functions
L3 Module: l3candidates 2016/03/25 v6456 L3 Experimental additions to l3kernel
\l__box_top_dim=\dimen273
\l__box_bottom_dim=\dimen274
\l__box_left_dim=\dimen275
\l__box_right_dim=\dimen276
\l__box_top_new_dim=\dimen277
\l__box_bottom_new_dim=\dimen278
\l__box_left_new_dim=\dimen279
\l__box_right_new_dim=\dimen280
\l__box_internal_box=\box72
\l__coffin_bounding_shift_dim=\dimen281
\l__coffin_left_corner_dim=\dimen282
\l__coffin_right_corner_dim=\dimen283
\l__coffin_bottom_corner_dim=\dimen284
\l__coffin_top_corner_dim=\dimen285
\l__coffin_scaled_total_height_dim=\dimen286
\l__coffin_scaled_width_dim=\dimen287
L3 Module: l3luatex 2016/03/26 v6465 L3 Experimental LuaTeX-specific functions
)
("C:/Users/809475AG/AppData/Local/Programs/MiKTeX 2.9/tex/latex/l3kernel/l3pdfm
ode.def"
File: l3pdfmode.def 2016/03/26 v6465 L3 Experimental driver: PDF mode
\l__driver_color_stack_int=\count188
))
("C:/Users/809475AG/AppData/Local/Programs/MiKTeX 2.9/tex/latex/l3packages/xpar
se/xparse.sty"
Package: xparse 2016/03/28 v6468 L3 Experimental document command parser
\l__xparse_current_arg_int=\count189
\l__xparse_m_args_int=\count190
\l__xparse_mandatory_args_int=\count191
\l__xparse_processor_int=\count192
\l__xparse_v_nesting_int=\count193
)
Package: fontspec 2016/02/01 v2.5a Font selection for XeLaTeX and LuaLaTeX

("C:/Users/809475AG/AppData/Local/Programs/MiKTeX 2.9/tex/luatex/luaotfload/lua
otfload.sty"
Package: luaotfload 2015/12/09 v2.6 OpenType layout system
Lua module: luaotfload-main 2015/12/09 2.60001 OpenType layout system.
Lua module: lualibs 2015-12-02 2.3 ConTeXt Lua standard libraries.
Lua module: lualibs-extended 2015-12-02 2.3 ConTeXt Lua libraries -- extended co
llection.(using cache: C:/Users/809475AG/AppData/Local/MiKTeX/2.9/luatex-cache/g
eneric)
luaotfload | conf : Root cache directory is C:/Users/809475AG/AppData/Local/MiKT
eX/2.9/luatex-cache/generic/names.
luaotfload | init : Loading fontloader “fontloader-2016-02-12.lua” from kpse
-resolved path “C:/Users/809475AG/AppData/Local/Programs/MiKTeX 2.9/tex/luatex
/luaotfload/fontloader-2016-02-12.lua”.
Lua-only attribute luaotfload@state = 1
Lua-only attribute luaotfload@cursbase = 2
Lua-only attribute luaotfload@noligature = 3
luaotfload | init : Context OpenType loader version “2.82”
Inserting `luaotfload.node_processor' at position 1 in `pre_linebreak_filter'.
Inserting `luaotfload.node_processor' at position 1 in `hpack_filter'.
Inserting `luaotfload.define_font' at position 1 in `define_font'.
Lua-only attribute luaotfload_color_attribute = 4
luaotfload | conf : Root cache directory is C:/Users/809475AG/AppData/Local/MiKT
eX/2.9/luatex-cache/generic/names.
Inserting `luaotfload.aux.set_sscale_dimens' at position 1 in `luaotfload.patch_
font'.
Inserting `luaotfload.aux.patch_cambria_domh' at position 2 in `luaotfload.patch
_font'.
Inserting `luaotfload.aux.fixup_fontdata' at position 1 in `luaotfload.patch_fon
t_unsafe'.
Inserting `luaotfload.aux.set_capheight' at position 3 in `luaotfload.patch_font
'.
Inserting `luaotfload.rewrite_fontname' at position 4 in `luaotfload.patch_font'
.
luaotfload | main : initialization completed in 0.936 seconds)
Lua module: fontspec 2016/02/01 2.5a Advanced font selection for LuaLaTeX.
("C:/Users/809475AG/AppData/Local/Programs/MiKTeX 2.9/tex/latex/fontspec/fontsp
ec-luatex.sty"
Package: fontspec-luatex 2016/02/01 v2.5a Font selection for XeLaTeX and LuaLaTe
X
\l_fontspec_script_int=\count194
\l_fontspec_language_int=\count195
\l_fontspec_strnum_int=\count196
\l__fontspec_tmpa_dim=\dimen288
\l__fontspec_tmpb_dim=\dimen289
\l__fontspec_tmpc_dim=\dimen290
\g__file_internal_ior=\read2

("C:/Users/809475AG/AppData/Local/Programs/MiKTeX 2.9/tex/latex/base/fontenc.st
y"
Package: fontenc 2005/09/27 v1.99g Standard LaTeX package

("C:/Users/809475AG/AppData/Local/Programs/MiKTeX 2.9/tex/latex/euenc/eu2enc.de
f"
File: eu2enc.def 2010/05/27 v0.1h Experimental Unicode font encodings
)
LaTeX Font Info:    Try loading font information for EU2+lmr on input line 105.

("C:/Users/809475AG/AppData/Local/Programs/MiKTeX 2.9/tex/latex/euenc/eu2lmr.fd
"
File: eu2lmr.fd 2009/10/30 v1.6 Font defs for Latin Modern
)
luaotfload | db : Font names database loaded from C:/Users/809475AG/AppData/Loca
l/MiKTeX/2.9/luatex-cache/generic/names/luaotfload-names.luc(load luc: C:/Users/
809475AG/AppData/Local/MiKTeX/2.9/luatex-cache/generic/fonts/otf/lmroman10-regul
ar.luc))
("C:/Users/809475AG/AppData/Local/Programs/MiKTeX 2.9/tex/xelatex/xunicode/xuni
code.sty"
File: xunicode.sty 2011/09/09 v0.981 provides access to latin accents and many o
ther characters in Unicode lower plane

("C:/Users/809475AG/AppData/Local/Programs/MiKTeX 2.9/tex/latex/tipa/t3enc.def"
File: t3enc.def 2001/12/31 T3 encoding
(load luc: C:/Users/809475AG/AppData/Local/MiKTeX/2.9/luatex-cache/generic/fonts
/otf/lmromanslant10-regular.luc)(load luc: C:/Users/809475AG/AppData/Local/MiKTe
X/2.9/luatex-cache/generic/fonts/otf/lmroman10-italic.luc)(load luc: C:/Users/80
9475AG/AppData/Local/MiKTeX/2.9/luatex-cache/generic/fonts/otf/lmroman10-bold.lu
c)
LaTeX Font Info:    Try loading font information for EU2+lmss on input line 357.


("C:/Users/809475AG/AppData/Local/Programs/MiKTeX 2.9/tex/latex/euenc/eu2lmss.f
d"
File: eu2lmss.fd 2009/10/30 v1.6 Font defs for Latin Modern
)(load luc: C:/Users/809475AG/AppData/Local/MiKTeX/2.9/luatex-cache/generic/font
s/otf/lmsans10-regular.luc))
\tipaTiiicode=\count197
\tipasavetokens=\toks48
\tipachecktokens=\toks49
)
.................................................
. LaTeX info: "xparse/define-command"
. 
. Defining command \__fontspec_post_arg:w with sig. 'mmO{}' on line 356.
.................................................
.................................................
. LaTeX info: "xparse/define-command"
. 
. Defining command \fontspec with sig. 'om' on line 358.
.................................................
.................................................
. LaTeX info: "xparse/define-command"
. 
. Defining command \setmainfont with sig. 'om' on line 368.
.................................................
.................................................
. LaTeX info: "xparse/define-command"
. 
. Defining command \setsansfont with sig. 'om' on line 378.
.................................................
.................................................
. LaTeX info: "xparse/define-command"
. 
. Defining command \setmonofont with sig. 'om' on line 388.
.................................................
.................................................
. LaTeX info: "xparse/define-command"
. 
. Defining command \setmathrm with sig. 'om' on line 402.
.................................................
.................................................
. LaTeX info: "xparse/define-command"
. 
. Defining command \setboldmathrm with sig. 'om' on line 410.
.................................................
.................................................
. LaTeX info: "xparse/define-command"
. 
. Defining command \setmathsf with sig. 'om' on line 418.
.................................................
.................................................
. LaTeX info: "xparse/define-command"
. 
. Defining command \setmathtt with sig. 'om' on line 426.
.................................................
.................................................
. LaTeX info: "xparse/define-command"
. 
. Defining command \newfontfamily with sig. 'mom' on line 440.
.................................................
.................................................
. LaTeX info: "xparse/define-command"
. 
. Defining command \newfontface with sig. 'mom' on line 456.
.................................................
.................................................
. LaTeX info: "xparse/define-command"
. 
. Defining command \defaultfontfeatures with sig. 't+om' on line 470.
.................................................
.................................................
. LaTeX info: "xparse/define-command"
. 
. Defining command \addfontfeatures with sig. 'm' on line 533.
.................................................
.................................................
. LaTeX info: "xparse/define-command"
. 
. Defining command \newfontfeature with sig. 'mm' on line 544.
.................................................
.................................................
. LaTeX info: "xparse/define-command"
. 
. Defining command \newAATfeature with sig. 'mmmm' on line 552.
.................................................
.................................................
. LaTeX info: "xparse/define-command"
. 
. Defining command \newopentypefeature with sig. 'mmm' on line 560.
.................................................
.................................................
. LaTeX info: "xparse/define-command"
. 
. Defining command \aliasfontfeature with sig. 'mm' on line 581.
.................................................
.................................................
. LaTeX info: "xparse/define-command"
. 
. Defining command \aliasfontfeatureoption with sig. 'mmm' on line 590.
.................................................
.................................................
. LaTeX info: "xparse/define-command"
. 
. Defining command \newfontscript with sig. 'mm' on line 594.
.................................................
.................................................
. LaTeX info: "xparse/define-command"
. 
. Defining command \newfontlanguage with sig. 'mm' on line 598.
.................................................
.................................................
. LaTeX info: "xparse/define-command"
. 
. Defining command \DeclareFontsExtensions with sig. 'm' on line 603.
.................................................
\l__fontspec_tmp_int=\count198

("C:/Users/809475AG/AppData/Local/Programs/MiKTeX 2.9/tex/latex/fontspec/fontsp
ec.cfg")
LaTeX Info: Redefining \itshape on input line 2629.
LaTeX Info: Redefining \slshape on input line 2634.
LaTeX Info: Redefining \scshape on input line 2639.
LaTeX Info: Redefining \upshape on input line 2644.
\l__fontspec_em_int=\count199
\l__fontspec_emdef_int=\count266
LaTeX Info: Redefining \em on input line 2660.
LaTeX Info: Redefining \emph on input line 2666.
LaTeX Info: Redefining \- on input line 2670.
.................................................
. LaTeX info: "xparse/redefine-command"
. 
. Redefining command \oldstylenums with sig. 'm' on line 2765.
.................................................
.................................................
. LaTeX info: "xparse/define-command"
. 
. Defining command \liningnums with sig. 'm' on line 2769.
.................................................
))
\c@fontsnotfound=\count267
luaotfload | cache : Lookup cache loaded from C:/Users/809475AG/AppData/Local/Mi
KTeX/2.9/luatex-cache/generic/names/luaotfload-lookup-cache.luc.
luaotfload | load : Lookup/name: "Fira Sans Light" -> "firasans-light.otf"(load 
luc: C:/Users/809475AG/AppData/Local/MiKTeX/2.9/luatex-cache/generic/fonts/otf/f
irasans-light.luc)
luaotfload | load : Lookup/name: "Fira Sans Light Italic" -> "firasans-lightital
ic.otf"(load luc: C:/Users/809475AG/AppData/Local/MiKTeX/2.9/luatex-cache/generi
c/fonts/otf/firasans-lightitalic.luc)
luaotfload | load : Lookup/name: "Fira Sans" -> "firasans-regular.otf"(load luc:
 C:/Users/809475AG/AppData/Local/MiKTeX/2.9/luatex-cache/generic/fonts/otf/firas
ans-regular.luc)
luaotfload | load : Lookup/name: "Fira Sans Italic" -> "firasans-regularitalic.o
tf"(load luc: C:/Users/809475AG/AppData/Local/MiKTeX/2.9/luatex-cache/generic/fo
nts/otf/firasans-regularitalic.luc)
luaotfload | load : Lookup/name: "Fira Sans Light" -> "firasans-light.otf"
luaotfload | load : Lookup/name: "Fira Sans Light" -> "firasans-light.otf"
\g__fontspec_family_FiraSansLight_int=\count268
luaotfload | load : Lookup/name: "FiraSansLight" -> "firasans-light.otf"
luaotfload | load : Lookup/name: "FiraSansLight" -> "firasans-light.otf"
luaotfload | load : Lookup/name: "FiraSans" -> "firasans-regular.otf"
luaotfload | load : Lookup/name: "FiraSans" -> "firasans-regular.otf"
luaotfload | load : Lookup/name: "FiraSansLightItalic" -> "firasans-lightitalic.
otf"
luaotfload | load : Lookup/name: "FiraSansLightItalic" -> "firasans-lightitalic.
otf"
luaotfload | load : Lookup/name: "FiraSansItalic" -> "firasans-regularitalic.otf
"
luaotfload | load : Lookup/name: "FiraSansItalic" -> "firasans-regularitalic.otf
"
.................................................
. fontspec info: "defining-font"
. 
. Font family 'FiraSansLight(0)' created for font 'Fira Sans Light' with
. options [Ligatures=TeX,ItalicFont={Fira Sans Light Italic},BoldFont={Fira
. Sans},BoldItalicFont={Fira Sans Italic}].
. 
. This font family consists of the following NFSS series/shapes:
. - 'normal' (m/n) with NFSS spec.:
. <->"FiraSansLight:mode=node;script=latn;language=DFLT;+tlig;"
. - 'small caps'  (m/sc) with NFSS spec.:
. <->"FiraSansLight:mode=node;script=latn;language=DFLT;+tlig;+smcp;"- 'bold'
. (bx/n) with NFSS spec.:
. <->"FiraSans:mode=node;script=latn;language=DFLT;+tlig;"
. - 'bold small caps'  (bx/sc) with NFSS spec.:
. <->"FiraSans:mode=node;script=latn;language=DFLT;+tlig;+smcp;"- 'italic'
. (m/it) with NFSS spec.:
. <->"FiraSansLightItalic:mode=node;script=latn;language=DFLT;+tlig;"
. - 'italic small caps'  (m/itsc) with NFSS spec.:
. <->"FiraSansLightItalic:mode=node;script=latn;language=DFLT;+tlig;+smcp;"-
. 'bold italic' (bx/it) with NFSS spec.:
. <->"FiraSansItalic:mode=node;script=latn;language=DFLT;+tlig;"
. - 'bold italic small caps'  (bx/itsc) with NFSS spec.:
. <->"FiraSansItalic:mode=node;script=latn;language=DFLT;+tlig;+smcp;"
.................................................
luaotfload | load : Lookup/name: "FiraSansLight" -> "firasans-light.otf"
luaotfload | load : Lookup/name: "Fira Mono" -> "firamono-regular.otf"(load luc:
 C:/Users/809475AG/AppData/Local/MiKTeX/2.9/luatex-cache/generic/fonts/otf/firam
ono-regular.luc)
luaotfload | load : Lookup/name: "Fira Mono Bold" -> "firamono-bold.otf"(load lu
c: C:/Users/809475AG/AppData/Local/MiKTeX/2.9/luatex-cache/generic/fonts/otf/fir
amono-bold.luc)
luaotfload | load : Lookup/name: "Fira Mono" -> "firamono-regular.otf"
luaotfload | load : Lookup/name: "Fira Mono" -> "firamono-regular.otf"
\g__fontspec_family_FiraMono_int=\count269
luaotfload | load : Lookup/name: "FiraMonoMedium" -> "firamono-medium.otf"(load 
luc: C:/Users/809475AG/AppData/Local/MiKTeX/2.9/luatex-cache/generic/fonts/otf/f
iramono-medium.luc)
luaotfload | load : Lookup/name: "FiraMonoMedium" -> "firamono-medium.otf"
.................................................
. fontspec info: "no-font-shape"
. 
. Could not resolve font FiraMonoMedium/I (it probably doesn't exist).
.................................................
luaotfload | load : Lookup/name: "Fira Mono" -> "firamono-regular.otf"
luaotfload | load : Lookup/name: "Fira Mono" -> "firamono-regular.otf"
.................................................
. fontspec info: "no-font-shape"
. 
. Could not resolve font Fira Mono/BI (it probably doesn't exist).
.................................................
luaotfload | load : Lookup/name: "Fira Mono" -> "firamono-regular.otf"
luaotfload | load : Lookup/name: "Fira Mono" -> "firamono-regular.otf"
.................................................
. fontspec info: "no-font-shape"
. 
. Could not resolve font Fira Mono/I (it probably doesn't exist).
.................................................
luaotfload | load : Lookup/name: "FiraMono" -> "firamono-regular.otf"
luaotfload | load : Lookup/name: "FiraMono" -> "firamono-regular.otf"
luaotfload | aux : font no 34 (FiraMono-Regular) does not define feature smcp fo
r script latn with language dflt
luaotfload | aux : no font with id 34
luaotfload | load : Lookup/name: "FiraMonoMedium" -> "firamono-medium.otf"
luaotfload | load : Lookup/name: "FiraMonoMedium" -> "firamono-medium.otf"
luaotfload | aux : font no 35 (FiraMono-Medium) does not define feature smcp for
 script latn with language dflt
luaotfload | aux : no font with id 35
.................................................
. fontspec info: "defining-font"
. 
. Font family 'FiraMono(0)' created for font 'Fira Mono' with options
. [WordSpace={1,0,0},PunctuationSpace=WordSpace,BoldFont={Fira Mono Medium}].
. 
. This font family consists of the following NFSS series/shapes:
. - 'normal' (m/n) with NFSS spec.:
. <->"FiraMono:mode=node;script=latn;language=DFLT;"
. - 'small caps'  (m/sc) with NFSS spec.: 
. and font adjustment code:
. \fontdimen 2\font =1\fontdimen 2\font \fontdimen 3\font =0\fontdimen 3\font
. \fontdimen 4\font =0\fontdimen 4\font \fontdimen 7\font =0\fontdimen 2\font
. - 'bold' (bx/n) with NFSS spec.:
. <->"FiraMonoMedium:mode=node;script=latn;language=DFLT;"
. - 'bold small caps'  (bx/sc) with NFSS spec.: 
. and font adjustment code:
. \fontdimen 2\font =1\fontdimen 2\font \fontdimen 3\font =0\fontdimen 3\font
. \fontdimen 4\font =0\fontdimen 4\font \fontdimen 7\font =0\fontdimen 2\font 
.................................................
))
("C:/Users/809475AG/AppData/Local/Programs/MiKTeX 2.9/tex/latex/ms/ragged2e.sty
"
Package: ragged2e 2009/05/21 v2.1 ragged2e Package (MS)

("C:/Users/809475AG/AppData/Local/Programs/MiKTeX 2.9/tex/latex/ms/everysel.sty
"
Package: everysel 2011/10/28 v1.2 EverySelectfont Package (MS)
)
\CenteringLeftskip=\skip72
\RaggedLeftLeftskip=\skip73
\RaggedRightLeftskip=\skip74
\CenteringRightskip=\skip75
\RaggedLeftRightskip=\skip76
\RaggedRightRightskip=\skip77
\CenteringParfillskip=\skip78
\RaggedLeftParfillskip=\skip79
\RaggedRightParfillskip=\skip80
\JustifyingParfillskip=\skip81
\CenteringParindent=\skip82
\RaggedLeftParindent=\skip83
\RaggedRightParindent=\skip84
\JustifyingParindent=\skip85
)
("C:/Users/809475AG/AppData/Local/Programs/MiKTeX 2.9/tex/latex/base/inputenc.s
ty"
Package: inputenc 2015/03/17 v1.2c Input encoding file
\inpenc@prehook=\toks50
\inpenc@posthook=\toks51


Package inputenc Warning: inputenc package ignored with utf8 based engines.

)
("C:/Users/809475AG/AppData/Local/Programs/MiKTeX 2.9/tex/generic/babel/babel.s
ty"
Package: babel 2016/02/09 3.9q The Babel package

("C:/Users/809475AG/AppData/Local/Programs/MiKTeX 2.9/tex/generic/babel/switch.
def"
File: switch.def 2016/02/09 3.9q Babel switching mechanism
)
("C:/Users/809475AG/AppData/Local/Programs/MiKTeX 2.9/tex/generic/babel/luababe
l.def"
\l@afrikaans=\language70
Package babel Info: Non-standard hyphenation setup on input line 122.
\l@ancientgreek=\language71
\l@arabic=\language72
\l@armenian=\language73
\l@assamese=\language74
\l@basque=\language75
\l@bengali=\language76
\l@bokmal=\language77
\l@bulgarian=\language78
\l@catalan=\language79
\l@classiclatin=\language80
\l@coptic=\language81
\l@croatian=\language82
\l@czech=\language83
\l@danish=\language84
\l@dutch=\language85
\l@esperanto=\language86
\l@estonian=\language87
\l@farsi=\language88
\l@finnish=\language89
\l@french=\language90
\l@galician=\language91
\l@german=\language92
\l@german-x-2014-05-21=\language93
\l@greek=\language94
\l@gujarati=\language95
\l@hindi=\language96
\l@hungarian=\language97
\l@icelandic=\language98
\l@indonesian=\language99
\l@interlingua=\language100
\l@irish=\language101
\l@italian=\language102
\l@kannada=\language103
\l@kurmanji=\language104
\l@latin=\language105
\l@latvian=\language106
\l@lithuanian=\language107
\l@malayalam=\language108
\l@marathi=\language109
\l@mongolian=\language110
\l@mongolianlmc=\language111
\l@monogreek=\language112
\l@ngerman=\language113
\l@ngerman-x-2014-05-21=\language114
\l@nynorsk=\language115
\l@oriya=\language116
\l@panjabi=\language117
\l@pinyin=\language118
\l@polish=\language119
\l@portuguese=\language120
\l@romanian=\language121
\l@russian=\language122
\l@sanskrit=\language123
\l@serbian=\language124
\l@slovak=\language125
\l@slovenian=\language126
\l@spanish=\language127
\l@swedish=\language128
\l@swissgerman=\language129
\l@tamil=\language130
\l@telugu=\language131
\l@turkish=\language132
\l@turkmen=\language133
\l@ukenglish=\language134
\l@ukrainian=\language135
\l@uppersorbian=\language136
\l@usenglishmax=\language137
\l@welsh=\language138
)
*************************************
* Local config file bblopts.cfg used
*

("C:/Users/809475AG/AppData/Local/Programs/MiKTeX 2.9/tex/latex/00miktex/bblopt
s.cfg"
File: bblopts.cfg 2006/07/31 v1.0 MiKTeX 'babel' configuration
)
("C:/Users/809475AG/AppData/Local/Programs/MiKTeX 2.9/tex/latex/babel-italian/i
talian.ldf"
Language: italian 2015/03/26 v1.3n Italian support from the babel system

("C:/Users/809475AG/AppData/Local/Programs/MiKTeX 2.9/tex/generic/babel/babel.d
ef"
File: babel.def 2016/02/09 3.9q Babel common definitions
\babel@savecnt=\count270
\U@D=\dimen291

("C:/Users/809475AG/AppData/Local/Programs/MiKTeX 2.9/tex/generic/babel/luababe
l.def")
LaTeX Info: Redefining \textlatin on input line 1448.
)
\it@lettering=\count271
\it@doublequoteactive=\count272
\it@ISOcompliance=\count273

("C:/Users/809475AG/AppData/Local/Programs/MiKTeX 2.9/tex/generic/hyph-utf8/loa
dhyph/loadhyph-it.tex" UTF-8 Italian hyphenation patterns
("C:/Users/809475AG/AppData/Local/Programs/MiKTeX 2.9/tex/generic/hyph-utf8/pat
terns/tex/hyph-it.tex")
("C:/Users/809475AG/AppData/Local/Programs/MiKTeX 2.9/tex/generic/hyph-utf8/pat
terns/quote/hyph-quote-it.tex"))))
("C:/Users/809475AG/AppData/Local/Programs/MiKTeX 2.9/tex/latex/koma-script/scr
extend.sty"
Package: scrextend 2015/10/03 v3.19a KOMA-Script package (extend other classes w
ith features of KOMA-Script classes)

("C:/Users/809475AG/AppData/Local/Programs/MiKTeX 2.9/tex/latex/koma-script/scr
kbase.sty"
Package: scrkbase 2015/10/03 v3.19a KOMA-Script package (KOMA-Script-dependent b
asics and keyval usage)

("C:/Users/809475AG/AppData/Local/Programs/MiKTeX 2.9/tex/latex/koma-script/scr
base.sty"
Package: scrbase 2015/10/03 v3.19a KOMA-Script package (KOMA-Script-independent 
basics and keyval usage)

("C:/Users/809475AG/AppData/Local/Programs/MiKTeX 2.9/tex/latex/koma-script/scr
lfile.sty"
Package: scrlfile 2015/10/03 v3.19a KOMA-Script package (loading files)

Package scrlfile, 2015/10/03 v3.19a KOMA-Script package (loading files)
                  Copyright (C) Markus Kohm

)
("C:/Users/809475AG/AppData/Local/Programs/MiKTeX 2.9/tex/latex/filehook/fileho
ok-scrlfile.sty"
Package: filehook-scrlfile 2011/01/03 v0.1 filehook patch for scrlfile package
Package filehook Info: Package 'scrlfile' detected and compensated for on input 
line 102.
)))
LaTeX Info: Redefining \textsubscript on input line 1277.
Package scrextend Info: unexpected definition of `\@makefnmark'.
(scrextend)             Trying to patch it on input line 1391.
Package scrextend Info: patch seems to be successfull on input line 1391.
) (./scuole.aux)
\openout1 = scuole.aux

LaTeX Font Info:    Checking defaults for OML/cmm/m/it on input line 41.
LaTeX Font Info:    ... okay on input line 41.
LaTeX Font Info:    Checking defaults for T1/cmr/m/n on input line 41.
LaTeX Font Info:    ... okay on input line 41.
LaTeX Font Info:    Checking defaults for OT1/cmr/m/n on input line 41.
LaTeX Font Info:    ... okay on input line 41.
LaTeX Font Info:    Checking defaults for OMS/cmsy/m/n on input line 41.
LaTeX Font Info:    ... okay on input line 41.
LaTeX Font Info:    Checking defaults for OMX/cmex/m/n on input line 41.
LaTeX Font Info:    ... okay on input line 41.
LaTeX Font Info:    Checking defaults for U/cmr/m/n on input line 41.
LaTeX Font Info:    ... okay on input line 41.
LaTeX Font Info:    Checking defaults for PD1/pdf/m/n on input line 41.
LaTeX Font Info:    ... okay on input line 41.
LaTeX Font Info:    Checking defaults for EU2/lmr/m/n on input line 41.
LaTeX Font Info:    ... okay on input line 41.
LaTeX Font Info:    Checking defaults for T3/cmr/m/n on input line 41.
LaTeX Font Info:    Try loading font information for T3+cmr on input line 41.

("C:/Users/809475AG/AppData/Local/Programs/MiKTeX 2.9/tex/latex/tipa/t3cmr.fd"
File: t3cmr.fd 2001/12/31 TIPA font definitions
)
LaTeX Font Info:    ... okay on input line 41.

*geometry* driver: auto-detecting
*geometry* detected driver: pdftex
*geometry* verbose mode - [ preamble ] result:
* driver: pdftex
* paper: custom
* layout: <same size as paper>
* layoutoffset:(h,v)=(0.0pt,0.0pt)
* modes: includehead includefoot 
* h-part:(L,W,R)=(28.45274pt, 307.28987pt, 28.45274pt)
* v-part:(T,H,B)=(0.0pt, 273.14662pt, 0.0pt)
* \paperwidth=364.19536pt
* \paperheight=273.14662pt
* \textwidth=307.28987pt
* \textheight=244.6939pt
* \oddsidemargin=-43.81725pt
* \evensidemargin=-43.81725pt
* \topmargin=-72.26999pt
* \headheight=14.22636pt
* \headsep=0.0pt
* \topskip=11.0pt
* \footskip=14.22636pt
* \marginparwidth=4.0pt
* \marginparsep=10.0pt
* \columnsep=10.0pt
* \skip\footins=10.0pt plus 4.0pt minus 2.0pt
* \hoffset=0.0pt
* \voffset=0.0pt
* \mag=1000
* \@twocolumnfalse
* \@twosidefalse
* \@mparswitchfalse
* \@reversemarginfalse
* (1in=72.27pt=25.4mm, 1cm=28.453pt)


("C:/Users/809475AG/AppData/Local/Programs/MiKTeX 2.9/tex/context/base/supp-pdf
.mkii"
[Loading MPS to PDF converter (version 2006.09.02).]
\scratchcounter=\count274
\scratchdimen=\dimen292
\scratchbox=\box73
\nofMPsegments=\count275
\nofMParguments=\count276
\everyMPshowfont=\toks52
\MPscratchCnt=\count277
\MPscratchDim=\dimen293
\MPnumerator=\count278
\makeMPintoPDFobject=\count279
\everyMPtoPDFconversion=\toks53
)
("C:/Users/809475AG/AppData/Local/Programs/MiKTeX 2.9/tex/latex/oberdiek/epstop
df-base.sty"
Package: epstopdf-base 2010/02/09 v2.5 Base part for package epstopdf

("C:/Users/809475AG/AppData/Local/Programs/MiKTeX 2.9/tex/latex/oberdiek/grfext
.sty"
Package: grfext 2010/08/19 v1.1 Manage graphics extensions (HO)
)
Package grfext Info: Graphics extension search list:
(grfext)             [.png,.pdf,.jpg,.mps,.tif,.jpeg,.PNG,.PDF,.JPG,.JPEG,.eps]
(grfext)             \AppendGraphicsExtensions on input line 452.
) ABD: EveryShipout initializing macros
\AtBeginShipoutBox=\box74
Package hyperref Info: Link coloring OFF on input line 41.

("C:/Users/809475AG/AppData/Local/Programs/MiKTeX 2.9/tex/latex/hyperref/namere
f.sty"
Package: nameref 2012/10/27 v2.43 Cross-referencing by name of section

("C:/Users/809475AG/AppData/Local/Programs/MiKTeX 2.9/tex/generic/oberdiek/gett
itlestring.sty"
Package: gettitlestring 2010/12/03 v1.4 Cleanup title references (HO)
)
\c@section@level=\count280
)
LaTeX Info: Redefining \ref on input line 41.
LaTeX Info: Redefining \pageref on input line 41.
LaTeX Info: Redefining \nameref on input line 41.
 (./scuole.out) (./scuole.out)
\@outlinefile=\write5

\openout5 = scuole.out
LaTeX Font Info:    Overwriting symbol font `operators' in version `normal'
(Font)                  OT1/cmr/m/n --> OT1/cmss/m/n on input line 41.
LaTeX Font Info:    Overwriting symbol font `operators' in version `bold'
(Font)                  OT1/cmr/bx/n --> OT1/cmss/bx/n on input line 41.
\symnumbers=\mathgroup6
\sympureletters=\mathgroup7
LaTeX Font Info:    Overwriting math alphabet `\mathrm' in version `normal'
(Font)                  OT1/cmss/m/n --> EU2/lmr/m/n on input line 41.
LaTeX Font Info:    Redeclaring math alphabet \mathbf on input line 41.
LaTeX Font Info:    Overwriting math alphabet `\mathbf' in version `normal'
(Font)                  OT1/cmr/bx/n --> EU2/FiraSansLight(0)/bx/n on input line
 41.
LaTeX Font Info:    Overwriting math alphabet `\mathbf' in version `bold'
(Font)                  OT1/cmr/bx/n --> EU2/FiraSansLight(0)/bx/n on input line
 41.
LaTeX Font Info:    Redeclaring math alphabet \mathsf on input line 41.
LaTeX Font Info:    Overwriting math alphabet `\mathsf' in version `normal'
(Font)                  OT1/cmss/m/n --> EU2/FiraSansLight(0)/m/n on input line 
41.
LaTeX Font Info:    Overwriting math alphabet `\mathsf' in version `bold'
(Font)                  OT1/cmss/bx/n --> EU2/FiraSansLight(0)/m/n on input line
 41.
LaTeX Font Info:    Redeclaring math alphabet \mathit on input line 41.
LaTeX Font Info:    Overwriting math alphabet `\mathit' in version `normal'
(Font)                  OT1/cmr/m/it --> EU2/FiraSansLight(0)/m/it on input line
 41.
LaTeX Font Info:    Overwriting math alphabet `\mathit' in version `bold'
(Font)                  OT1/cmr/bx/it --> EU2/FiraSansLight(0)/m/it on input lin
e 41.
LaTeX Font Info:    Redeclaring math alphabet \mathtt on input line 41.
LaTeX Font Info:    Overwriting math alphabet `\mathtt' in version `normal'
(Font)                  OT1/cmtt/m/n --> EU2/FiraMono(0)/m/n on input line 41.
LaTeX Font Info:    Overwriting math alphabet `\mathtt' in version `bold'
(Font)                  OT1/cmtt/m/n --> EU2/FiraMono(0)/m/n on input line 41.
LaTeX Font Info:    Overwriting symbol font `numbers' in version `bold'
(Font)                  EU2/FiraSansLight(0)/m/n --> EU2/FiraSansLight(0)/bx/n o
n input line 41.
LaTeX Font Info:    Overwriting symbol font `pureletters' in version `bold'
(Font)                  EU2/FiraSansLight(0)/m/it --> EU2/FiraSansLight(0)/bx/it
 on input line 41.
LaTeX Font Info:    Overwriting math alphabet `\mathrm' in version `bold'
(Font)                  OT1/cmss/bx/n --> EU2/lmr/bx/n on input line 41.
LaTeX Font Info:    Overwriting math alphabet `\mathbf' in version `bold'
(Font)                  EU2/FiraSansLight(0)/bx/n --> EU2/FiraSansLight(0)/bx/n 
on input line 41.
LaTeX Font Info:    Overwriting math alphabet `\mathsf' in version `bold'
(Font)                  EU2/FiraSansLight(0)/m/n --> EU2/FiraSansLight(0)/bx/n o
n input line 41.
LaTeX Font Info:    Overwriting math alphabet `\mathit' in version `bold'
(Font)                  EU2/FiraSansLight(0)/m/it --> EU2/FiraSansLight(0)/bx/it
 on input line 41.
LaTeX Font Info:    Overwriting math alphabet `\mathtt' in version `bold'
(Font)                  EU2/FiraMono(0)/m/n --> EU2/FiraMono(0)/bx/n on input li
ne 41.

("C:/Users/809475AG/AppData/Local/Programs/MiKTeX 2.9/tex/latex/beamer/base/tra
nslator/dicts/translator-basic-dictionary/translator-basic-dictionary-English.d
ict"
Dictionary: translator-basic-dictionary, Language: English 
)
("C:/Users/809475AG/AppData/Local/Programs/MiKTeX 2.9/tex/latex/beamer/base/tra
nslator/dicts/translator-bibliography-dictionary/translator-bibliography-dictio
nary-English.dict"
Dictionary: translator-bibliography-dictionary, Language: English 
)
("C:/Users/809475AG/AppData/Local/Programs/MiKTeX 2.9/tex/latex/beamer/base/tra
nslator/dicts/translator-environment-dictionary/translator-environment-dictiona
ry-English.dict"
Dictionary: translator-environment-dictionary, Language: English 
)
("C:/Users/809475AG/AppData/Local/Programs/MiKTeX 2.9/tex/latex/beamer/base/tra
nslator/dicts/translator-months-dictionary/translator-months-dictionary-English
.dict"
Dictionary: translator-months-dictionary, Language: English 
)
("C:/Users/809475AG/AppData/Local/Programs/MiKTeX 2.9/tex/latex/beamer/base/tra
nslator/dicts/translator-numbers-dictionary/translator-numbers-dictionary-Engli
sh.dict"
Dictionary: translator-numbers-dictionary, Language: English 
)
("C:/Users/809475AG/AppData/Local/Programs/MiKTeX 2.9/tex/latex/beamer/base/tra
nslator/dicts/translator-theorem-dictionary/translator-theorem-dictionary-Engli
sh.dict"
Dictionary: translator-theorem-dictionary, Language: English 
)
LaTeX Info: Redefining \includegraphics on input line 41.

*** you should *not* be loading the inputenc package
*** XeTeX expects the source to be in UTF8 encoding
*** some features of other encodings may conflict, resulting in poor output.
ABD: EverySelectfont initializing macros
LaTeX Info: Redefining \selectfont on input line 41.
 (./scuole.nav)
luaotfload | load : Lookup/name: "FiraSansLight" -> "firasans-light.otf"
luaotfload | load : Lookup/name: "FiraSansLight" -> "firasans-light.otf"
luaotfload | load : Lookup/name: "FiraSansLight" -> "firasans-light.otf"
luaotfload | load : Lookup/name: "FiraSans" -> "firasans-regular.otf"
luaotfload | load : Lookup/name: "FiraSansLight" -> "firasans-light.otf"
<pics/logo.png, id=24, 227.249pt x 227.249pt>
File: pics/logo.png Graphic file (type png)
 <use pics/logo.png>
Package pdftex.def Info: pics/logo.png used on input line 44.
(pdftex.def)             Requested size: 56.9055pt x 56.90572pt.

Underfull \hbox (badness 10000) in paragraph at lines 44--44

 []


Overfull \vbox (15.63992pt too high) detected at line 44
 []

[1

{C:/Users/809475AG/AppData/Local/MiKTeX/2.9/pdftex/config/pdftex.map}<./pics/log
o.png>] (./scuole.toc)
luaotfload | load : Lookup/name: "FiraSansLight" -> "firasans-light.otf"
luaotfload | load : Lookup/name: "FiraSans" -> "firasans-regular.otf"
luaotfload | load : Lookup/name: "FiraSansLight" -> "firasans-light.otf"
File: pics/logo.png Graphic file (type png)
 <use pics/logo.png>
Package pdftex.def Info: pics/logo.png used on input line 49.
(pdftex.def)             Requested size: 28.45274pt x 28.45113pt.
 [2

]
LaTeX Font Info:    Try loading font information for U+msa on input line 51.

("C:/Users/809475AG/AppData/Local/Programs/MiKTeX 2.9/tex/latex/amsfonts/umsa.f
d"
File: umsa.fd 2013/01/14 v3.01 AMS symbols A
)
LaTeX Font Info:    Try loading font information for U+msb on input line 51.

("C:/Users/809475AG/AppData/Local/Programs/MiKTeX 2.9/tex/latex/amsfonts/umsb.f
d"
File: umsb.fd 2013/01/14 v3.01 AMS symbols B
)
luaotfload | load : Lookup/name: "FiraSansLightItalic" -> "firasans-lightitalic.
otf"
luaotfload | load : Lookup/name: "FiraSansLightItalic" -> "firasans-lightitalic.
otf"
luaotfload | load : Lookup/name: "FiraSansLightItalic" -> "firasans-lightitalic.
otf" [3

]
File: pics/logo.png Graphic file (type png)
 <use pics/logo.png>
Package pdftex.def Info: pics/logo.png used on input line 72.
(pdftex.def)             Requested size: 28.45274pt x 28.45113pt.
 [4

]
luaotfload | load : Lookup/name: "FiraSans" -> "firasans-regular.otf"
File: pics/logo.png Graphic file (type png)
 <use pics/logo.png>
Package pdftex.def Info: pics/logo.png used on input line 80.
(pdftex.def)             Requested size: 28.45274pt x 28.45113pt.
 [5

]
File: pics/logo.png Graphic file (type png)
 <use pics/logo.png>
Package pdftex.def Info: pics/logo.png used on input line 85.
(pdftex.def)             Requested size: 28.45274pt x 28.45113pt.

[6

]
File: pics/logo.png Graphic file (type png)
 <use pics/logo.png>
Package pdftex.def Info: pics/logo.png used on input line 96.
(pdftex.def)             Requested size: 28.45274pt x 28.45113pt.
 [7

]
File: pics/logo.png Graphic file (type png)
 <use pics/logo.png>
Package pdftex.def Info: pics/logo.png used on input line 96.
(pdftex.def)             Requested size: 28.45274pt x 28.45113pt.
 [8

]
File: pics/logo.png Graphic file (type png)
 <use pics/logo.png>
Package pdftex.def Info: pics/logo.png used on input line 109.
(pdftex.def)             Requested size: 28.45274pt x 28.45113pt.

[9

]
File: pics/logo.png Graphic file (type png)
 <use pics/logo.png>
Package pdftex.def Info: pics/logo.png used on input line 118.
(pdftex.def)             Requested size: 28.45274pt x 28.45113pt.
 [10

]
File: pics/logo.png Graphic file (type png)
 <use pics/logo.png>
Package pdftex.def Info: pics/logo.png used on input line 125.
(pdftex.def)             Requested size: 28.45274pt x 28.45113pt.
 [11

]
<pics/cacciavite.jpg, id=93, 366.20395pt x 204.94478pt>
File: pics/cacciavite.jpg Graphic file (type jpg)

<use pics/cacciavite.jpg>
Package pdftex.def Info: pics/cacciavite.jpg used on input line 148.
(pdftex.def)             Requested size: 153.64493pt x 85.98865pt.
 <pics/ape.jpg, id=94, 367.63435pt x 276.5113pt>
File: pics/ape.jpg Graphic file (type jpg)

<use pics/ape.jpg>
Package pdftex.def Info: pics/ape.jpg used on input line 148.
(pdftex.def)             Requested size: 153.64493pt x 115.56435pt.
File: pics/logo.png Graphic file (type png)
 <use pics/logo.png>
Package pdftex.def Info: pics/logo.png used on input line 148.
(pdftex.def)             Requested size: 28.45274pt x 28.45113pt.
 [12

<./pics/cacciavite.jpg><./pics/ape.jpg>] [13

]
File: pics/logo.png Graphic file (type png)
 <use pics/logo.png>
Package pdftex.def Info: pics/logo.png used on input line 155.
(pdftex.def)             Requested size: 28.45274pt x 28.45113pt.
 [14

]
luaotfload | load : Lookup/name: "FiraSansItalic" -> "firasans-regularitalic.otf
"
File: pics/logo.png Graphic file (type png)
 <use pics/logo.png>
Package pdftex.def Info: pics/logo.png used on input line 164.
(pdftex.def)             Requested size: 28.45274pt x 28.45113pt.
 [15

]
File: pics/logo.png Graphic file (type png)
 <use pics/logo.png>
Package pdftex.def Info: pics/logo.png used on input line 178.
(pdftex.def)             Requested size: 28.45274pt x 28.45113pt.

[16

]
File: pics/logo.png Graphic file (type png)
 <use pics/logo.png>
Package pdftex.def Info: pics/logo.png used on input line 202.
(pdftex.def)             Requested size: 28.45274pt x 28.45113pt.
 [17

]
File: pics/logo.png Graphic file (type png)
 <use pics/logo.png>
Package pdftex.def Info: pics/logo.png used on input line 212.
(pdftex.def)             Requested size: 28.45274pt x 28.45113pt.
 [18

]
File: pics/logo.png Graphic file (type png)
 <use pics/logo.png>
Package pdftex.def Info: pics/logo.png used on input line 223.
(pdftex.def)             Requested size: 28.45274pt x 28.45113pt.

[19

]
File: pics/logo.png Graphic file (type png)
 <use pics/logo.png>
Package pdftex.def Info: pics/logo.png used on input line 238.
(pdftex.def)             Requested size: 28.45274pt x 28.45113pt.
 [20

]
File: pics/logo.png Graphic file (type png)
 <use pics/logo.png>
Package pdftex.def Info: pics/logo.png used on input line 252.
(pdftex.def)             Requested size: 28.45274pt x 28.45113pt.
 [21

]
File: pics/logo.png Graphic file (type png)
 <use pics/logo.png>
Package pdftex.def Info: pics/logo.png used on input line 266.
(pdftex.def)             Requested size: 28.45274pt x 28.45113pt.

[22

]
File: pics/logo.png Graphic file (type png)
 <use pics/logo.png>
Package pdftex.def Info: pics/logo.png used on input line 284.
(pdftex.def)             Requested size: 28.45274pt x 28.45113pt.
 [23

]
File: pics/logo.png Graphic file (type png)
 <use pics/logo.png>
Package pdftex.def Info: pics/logo.png used on input line 295.
(pdftex.def)             Requested size: 28.45274pt x 28.45113pt.
 [24

]
File: pics/logo.png Graphic file (type png)
 <use pics/logo.png>
Package pdftex.def Info: pics/logo.png used on input line 306.
(pdftex.def)             Requested size: 28.45274pt x 28.45113pt.

[25

]
File: pics/logo.png Graphic file (type png)
 <use pics/logo.png>
Package pdftex.def Info: pics/logo.png used on input line 319.
(pdftex.def)             Requested size: 28.45274pt x 28.45113pt.
 [26

]
File: pics/logo.png Graphic file (type png)
 <use pics/logo.png>
Package pdftex.def Info: pics/logo.png used on input line 327.
(pdftex.def)             Requested size: 28.45274pt x 28.45113pt.
 [27

] [28

]
File: pics/logo.png Graphic file (type png)

<use pics/logo.png>
Package pdftex.def Info: pics/logo.png used on input line 344.
(pdftex.def)             Requested size: 28.45274pt x 28.45113pt.
 [29

]
File: pics/logo.png Graphic file (type png)
 <use pics/logo.png>
Package pdftex.def Info: pics/logo.png used on input line 344.
(pdftex.def)             Requested size: 28.45274pt x 28.45113pt.
 [30

]
File: pics/logo.png Graphic file (type png)
 <use pics/logo.png>
Package pdftex.def Info: pics/logo.png used on input line 344.
(pdftex.def)             Requested size: 28.45274pt x 28.45113pt.
 [31

]
File: pics/logo.png Graphic file (type png)

<use pics/logo.png>
Package pdftex.def Info: pics/logo.png used on input line 344.
(pdftex.def)             Requested size: 28.45274pt x 28.45113pt.
 [32

]
File: pics/logo.png Graphic file (type png)
 <use pics/logo.png>
Package pdftex.def Info: pics/logo.png used on input line 344.
(pdftex.def)             Requested size: 28.45274pt x 28.45113pt.
 [33

]
luaotfload | load : Lookup/name: "FiraSansItalic" -> "firasans-regularitalic.otf
"
File: pics/logo.png Graphic file (type png)
 <use pics/logo.png>
Package pdftex.def Info: pics/logo.png used on input line 352.
(pdftex.def)             Requested size: 28.45274pt x 28.45113pt.
 [34

]
File: pics/logo.png Graphic file (type png)

<use pics/logo.png>
Package pdftex.def Info: pics/logo.png used on input line 365.
(pdftex.def)             Requested size: 28.45274pt x 28.45113pt.
 [35

]
File: pics/logo.png Graphic file (type png)
 <use pics/logo.png>
Package pdftex.def Info: pics/logo.png used on input line 378.
(pdftex.def)             Requested size: 28.45274pt x 28.45113pt.
 [36

]
File: pics/logo.png Graphic file (type png)
 <use pics/logo.png>
Package pdftex.def Info: pics/logo.png used on input line 387.
(pdftex.def)             Requested size: 28.45274pt x 28.45113pt.
 [37

]
File: pics/logo.png Graphic file (type png)

<use pics/logo.png>
Package pdftex.def Info: pics/logo.png used on input line 387.
(pdftex.def)             Requested size: 28.45274pt x 28.45113pt.
 [38

]
\tf@nav=\write6

\openout6 = scuole.nav
\tf@toc=\write7

\openout7 = scuole.toc
\tf@snm=\write8

\openout8 = scuole.snm
Package atveryend Info: Empty hook `BeforeClearDocument' on input line 498.
Package atveryend Info: Empty hook `AfterLastShipout' on input line 498.
 (./scuole.aux)
Package atveryend Info: Executing hook `AtVeryEndDocument' on input line 498.
Package atveryend Info: Executing hook `AtEndAfterFileList' on input line 498.
Package rerunfilecheck Info: File `scuole.out' has not changed.
(rerunfilecheck)             Checksum: 13CC410D294CA8A6FE2E69027EF01707;209.
Package atveryend Info: Empty hook `AtVeryVeryEnd' on input line 498.
)

Here is how much of LuaTeX's memory you used:
 35178 strings out of 494905
 125200,794899 words of node,token memory allocated
 2225 words of node memory still in use:
    nodes
   avail lists: 1:2,2:551,3:353,4:716,5:178,6:1124,7:25,8:9,9:196,10:204
 37229 multiletter control sequences out of 65536+200000
 66 fonts using 8849119 bytes
 71i,14n,95p,1794b,692s stack positions out of 5000i,500n,10000p,200000b,50000s
<C:/Users/809475AG/AppData/Local/Programs/MiKTeX 2.9/fonts/opentype/public/fira/
firasans-regularitalic.otf><C:/Users/809475AG/AppData/Local/Programs/MiKTeX 2.9/
fonts/opentype/public/fira/firasans-lightitalic.otf><C:/Users/809475AG/AppData/L
ocal/Programs/MiKTeX 2.9/fonts/opentype/public/fira/firasans-light.otf><C:/Users
/809475AG/AppData/Local/Programs/MiKTeX 2.9/fonts/opentype/public/fira/firasans-
regular.otf>
Output written on scuole.pdf (38 pages, 143215 bytes).

PDF statistics: 268 PDF objects out of 1000 (max. 8388607)
 80 named destinations out of 1000 (max. 131072)
 40 words of extra memory for PDF output out of 10000 (max. 10000000)

